-------------------------------------------------------------------------------------------------
SUMMARY
-------------------------------------------------------------------------------------------------

 corner|     min delay |  min reg2reg |    max delay |  max reg2reg |      max cap |     max slew
-------------------------------------------------------------------------------------------------
  s-min|           met |          met |          met |          met |   vio(-0.02) |   vio(-0.61)

violating reg2reg min reports


violating reg2reg max reports


--------------------------------------------------------------------------------------------
COMMAND
--------------------------------------------------------------------------------------------

exec> report_check_types \
        -max_slew \
        -max_capacitance \
        -recovery \
        -removal \
        -format end \
        -violators
design: caravel
time: Sun Dec 10 01:34:43 UTC 2023

--------------------------------------------------------------------------------------------
REPORT
--------------------------------------------------------------------------------------------


max slew

Pin                                    Limit    Slew   Slack
------------------------------------------------------------
chip_core/mprj/j1a/_53164_/D            7.00    7.61   -0.61 (VIOLATED)
chip_core/mprj/j1a/ANTENNA__53164__D/I    7.00    7.61   -0.61 (VIOLATED)
chip_core/mprj/j1a/_44853_/ZN           7.00    7.61   -0.61 (VIOLATED)

max capacitance

Pin                                    Limit     Cap   Slack
------------------------------------------------------------
chip_core/mprj/j1a/_44853_/ZN           0.12    0.14   -0.02 (VIOLATED)

