--------------------------------------------------------------------------------------------
COMMAND
--------------------------------------------------------------------------------------------

exec> report_checks \
        -path_delay max \
        -through _c08d280600000000_p_Instance \
        -format full_clock_expanded \
        -fields {slew cap input_pins nets fanout} \
        -no_line_splits \
        -group_count 1000 \
        -slack_max 40 \
        -digits 2 \
        -unique_paths_to_endpoint \
        
design: caravel
time: Sun Dec 10 16:15:25 UTC 2023

--------------------------------------------------------------------------------------------
REPORT
--------------------------------------------------------------------------------------------

Startpoint: chip_core/_37874_ (falling edge-triggered flip-flop clocked by clk)
Endpoint: chip_core/mprj/j1a/_51892_ (recovery check against rising-edge clock clk)
Path Group: asynchronous
Path Type: max

Fanout     Cap    Slew   Delay    Time   Description
-----------------------------------------------------------------------------
                         15.00   15.00   clock clk (fall edge)
                          0.00   15.00   clock source latency
     1    3.12    3.50    0.00   15.00 v clock (in)
                                         clock (net)
                  3.50    0.00   15.00 v padframe/mgmt_clock_input_pad/PAD (gf180mcu_fd_io__in_c)
     1    0.05    0.24    2.72   17.72 v padframe/mgmt_clock_input_pad/Y (gf180mcu_fd_io__in_c)
                                         clock_core (net)
                  0.24    0.00   17.72 v chip_core/input1/I (gf180mcu_fd_sc_mcu7t5v0__buf_20)
     1    0.08    0.16    0.38   18.10 v chip_core/input1/Z (gf180mcu_fd_sc_mcu7t5v0__buf_20)
                                         chip_core/net1 (net)
                  0.16    0.01   18.11 v chip_core/wire2130/I (gf180mcu_fd_sc_mcu7t5v0__buf_20)
     1    0.14    0.20    0.39   18.50 v chip_core/wire2130/Z (gf180mcu_fd_sc_mcu7t5v0__buf_20)
                                         chip_core/net2130 (net)
                  0.22    0.04   18.54 v chip_core/wire2129/I (gf180mcu_fd_sc_mcu7t5v0__buf_20)
     3    0.13    0.20    0.41   18.94 v chip_core/wire2129/Z (gf180mcu_fd_sc_mcu7t5v0__buf_20)
                                         chip_core/net2129 (net)
                  0.21    0.03   18.97 v chip_core/_21442_/A1 (gf180mcu_fd_sc_mcu7t5v0__oai211_4)
     2    0.03    0.84    0.58   19.55 ^ chip_core/_21442_/ZN (gf180mcu_fd_sc_mcu7t5v0__oai211_4)
                                         chip_core/_09463_ (net)
                  0.84    0.00   19.55 ^ chip_core/_21454_/A1 (gf180mcu_fd_sc_mcu7t5v0__nand2_2)
     1    0.32    4.12    2.69   22.24 v chip_core/_21454_/ZN (gf180mcu_fd_sc_mcu7t5v0__nand2_2)
                                         chip_core/clock_ctrl.core_clk (net)
                  4.13    0.12   22.35 v chip_core/clkbuf_0_clock_ctrl.core_clk/I (gf180mcu_fd_sc_mcu7t5v0__clkbuf_20)
     2    0.05    0.30    1.21   23.57 v chip_core/clkbuf_0_clock_ctrl.core_clk/Z (gf180mcu_fd_sc_mcu7t5v0__clkbuf_20)
                                         chip_core/clknet_0_clock_ctrl.core_clk (net)
                  0.30    0.00   23.57 v chip_core/clkbuf_1_1_0_clock_ctrl.core_clk/I (gf180mcu_fd_sc_mcu7t5v0__clkbuf_8)
     1    0.04    0.27    0.55   24.11 v chip_core/clkbuf_1_1_0_clock_ctrl.core_clk/Z (gf180mcu_fd_sc_mcu7t5v0__clkbuf_8)
                                         chip_core/clknet_1_1_0_clock_ctrl.core_clk (net)
                  0.27    0.00   24.11 v chip_core/clkbuf_1_1_1_clock_ctrl.core_clk/I (gf180mcu_fd_sc_mcu7t5v0__clkbuf_8)
     1    0.05    0.28    0.54   24.66 v chip_core/clkbuf_1_1_1_clock_ctrl.core_clk/Z (gf180mcu_fd_sc_mcu7t5v0__clkbuf_8)
                                         chip_core/clknet_1_1_1_clock_ctrl.core_clk (net)
                  0.28    0.00   24.66 v chip_core/clkbuf_1_1_2_clock_ctrl.core_clk/I (gf180mcu_fd_sc_mcu7t5v0__clkbuf_8)
     1    0.05    0.28    0.55   25.21 v chip_core/clkbuf_1_1_2_clock_ctrl.core_clk/Z (gf180mcu_fd_sc_mcu7t5v0__clkbuf_8)
                                         chip_core/clknet_1_1_2_clock_ctrl.core_clk (net)
                  0.28    0.00   25.21 v chip_core/clkbuf_1_1_3_clock_ctrl.core_clk/I (gf180mcu_fd_sc_mcu7t5v0__clkbuf_8)
     1    0.03    0.21    0.49   25.70 v chip_core/clkbuf_1_1_3_clock_ctrl.core_clk/Z (gf180mcu_fd_sc_mcu7t5v0__clkbuf_8)
                                         chip_core/clknet_1_1_3_clock_ctrl.core_clk (net)
                  0.21    0.00   25.71 v chip_core/clkbuf_1_1_4_clock_ctrl.core_clk/I (gf180mcu_fd_sc_mcu7t5v0__clkbuf_8)
     2    0.08    0.40    0.62   26.33 v chip_core/clkbuf_1_1_4_clock_ctrl.core_clk/Z (gf180mcu_fd_sc_mcu7t5v0__clkbuf_8)
                                         chip_core/clknet_1_1_4_clock_ctrl.core_clk (net)
                  0.40    0.00   26.33 v chip_core/clkbuf_2_2_0_clock_ctrl.core_clk/I (gf180mcu_fd_sc_mcu7t5v0__clkbuf_8)
     1    0.04    0.26    0.57   26.90 v chip_core/clkbuf_2_2_0_clock_ctrl.core_clk/Z (gf180mcu_fd_sc_mcu7t5v0__clkbuf_8)
                                         chip_core/clknet_2_2_0_clock_ctrl.core_clk (net)
                  0.26    0.00   26.90 v chip_core/clkbuf_2_2_1_clock_ctrl.core_clk/I (gf180mcu_fd_sc_mcu7t5v0__clkbuf_8)
     2    0.07    0.35    0.60   27.49 v chip_core/clkbuf_2_2_1_clock_ctrl.core_clk/Z (gf180mcu_fd_sc_mcu7t5v0__clkbuf_8)
                                         chip_core/clknet_2_2_1_clock_ctrl.core_clk (net)
                  0.35    0.00   27.50 v chip_core/clkbuf_3_5_0_clock_ctrl.core_clk/I (gf180mcu_fd_sc_mcu7t5v0__clkbuf_8)
     1    0.03    0.23    0.53   28.03 v chip_core/clkbuf_3_5_0_clock_ctrl.core_clk/Z (gf180mcu_fd_sc_mcu7t5v0__clkbuf_8)
                                         chip_core/clknet_3_5_0_clock_ctrl.core_clk (net)
                  0.23    0.00   28.03 v chip_core/clkbuf_3_5_1_clock_ctrl.core_clk/I (gf180mcu_fd_sc_mcu7t5v0__clkbuf_8)
     1    0.02    0.20    0.47   28.49 v chip_core/clkbuf_3_5_1_clock_ctrl.core_clk/Z (gf180mcu_fd_sc_mcu7t5v0__clkbuf_8)
                                         chip_core/clknet_3_5_1_clock_ctrl.core_clk (net)
                  0.20    0.00   28.49 v chip_core/clkbuf_3_5_2_clock_ctrl.core_clk/I (gf180mcu_fd_sc_mcu7t5v0__clkbuf_8)
     2    0.07    0.35    0.58   29.07 v chip_core/clkbuf_3_5_2_clock_ctrl.core_clk/Z (gf180mcu_fd_sc_mcu7t5v0__clkbuf_8)
                                         chip_core/clknet_3_5_2_clock_ctrl.core_clk (net)
                  0.35    0.00   29.08 v chip_core/clkbuf_4_10_0_clock_ctrl.core_clk/I (gf180mcu_fd_sc_mcu7t5v0__clkbuf_8)
     2    0.07    0.37    0.64   29.72 v chip_core/clkbuf_4_10_0_clock_ctrl.core_clk/Z (gf180mcu_fd_sc_mcu7t5v0__clkbuf_8)
                                         chip_core/clknet_4_10_0_clock_ctrl.core_clk (net)
                  0.37    0.00   29.72 v chip_core/clkbuf_5_21_0_clock_ctrl.core_clk/I (gf180mcu_fd_sc_mcu7t5v0__clkbuf_8)
     2    0.05    0.29    0.59   30.31 v chip_core/clkbuf_5_21_0_clock_ctrl.core_clk/Z (gf180mcu_fd_sc_mcu7t5v0__clkbuf_8)
                                         chip_core/clknet_5_21_0_clock_ctrl.core_clk (net)
                  0.29    0.00   30.32 v chip_core/clkbuf_6_43_0_clock_ctrl.core_clk/I (gf180mcu_fd_sc_mcu7t5v0__clkbuf_8)
     2    0.05    0.29    0.56   30.88 v chip_core/clkbuf_6_43_0_clock_ctrl.core_clk/Z (gf180mcu_fd_sc_mcu7t5v0__clkbuf_8)
                                         chip_core/clknet_6_43_0_clock_ctrl.core_clk (net)
                  0.29    0.00   30.88 v chip_core/clkbuf_7_87_0_clock_ctrl.core_clk/I (gf180mcu_fd_sc_mcu7t5v0__clkbuf_8)
    13    0.37    1.42    1.31   32.19 v chip_core/clkbuf_7_87_0_clock_ctrl.core_clk/Z (gf180mcu_fd_sc_mcu7t5v0__clkbuf_8)
                                         chip_core/clknet_7_87_0_clock_ctrl.core_clk (net)
                  1.42    0.01   32.20 v chip_core/clkbuf_leaf_1161_clock_ctrl.core_clk/I (gf180mcu_fd_sc_mcu7t5v0__clkbuf_20)
     3    0.02    0.18    0.74   32.94 v chip_core/clkbuf_leaf_1161_clock_ctrl.core_clk/Z (gf180mcu_fd_sc_mcu7t5v0__clkbuf_20)
                                         chip_core/clknet_leaf_1161_clock_ctrl.core_clk (net)
                  0.18    0.00   32.94 v chip_core/_37874_/CLKN (gf180mcu_fd_sc_mcu7t5v0__dffnsnq_4)
     3    0.09    0.61    1.98   34.92 v chip_core/_37874_/Q (gf180mcu_fd_sc_mcu7t5v0__dffnsnq_4)
                                         chip_core/clock_ctrl.reset_delay[0] (net)
                  0.61    0.00   34.92 v chip_core/max_length1744/I (gf180mcu_fd_sc_mcu7t5v0__buf_4)
     1    0.10    0.47    0.74   35.66 v chip_core/max_length1744/Z (gf180mcu_fd_sc_mcu7t5v0__buf_4)
                                         chip_core/net1744 (net)
                  0.47    0.01   35.67 v chip_core/wire1743/I (gf180mcu_fd_sc_mcu7t5v0__buf_8)
     6    0.05    0.21    0.50   36.17 v chip_core/wire1743/Z (gf180mcu_fd_sc_mcu7t5v0__buf_8)
                                         chip_core/net1743 (net)
                  0.21    0.00   36.17 v chip_core/wire1742/I (gf180mcu_fd_sc_mcu7t5v0__clkbuf_8)
     3    0.05    0.28    0.52   36.69 v chip_core/wire1742/Z (gf180mcu_fd_sc_mcu7t5v0__clkbuf_8)
                                         chip_core/net1742 (net)
                  0.28    0.00   36.69 v chip_core/wire1741/I (gf180mcu_fd_sc_mcu7t5v0__clkbuf_4)
     2    0.01    0.16    0.45   37.14 v chip_core/wire1741/Z (gf180mcu_fd_sc_mcu7t5v0__clkbuf_4)
                                         chip_core/net1741 (net)
                  0.16    0.00   37.14 v chip_core/mprj/j1a/input11/I (gf180mcu_fd_sc_mcu7t5v0__clkbuf_3)
     8    0.10    0.76    0.85   37.99 v chip_core/mprj/j1a/input11/Z (gf180mcu_fd_sc_mcu7t5v0__clkbuf_3)
                                         chip_core/mprj/j1a/net11 (net)
                  0.76    0.02   38.01 v chip_core/mprj/j1a/_39272_/I (gf180mcu_fd_sc_mcu7t5v0__buf_1)
     4    0.03    0.52    0.91   38.92 v chip_core/mprj/j1a/_39272_/Z (gf180mcu_fd_sc_mcu7t5v0__buf_1)
                                         chip_core/mprj/j1a/_17950_ (net)
                  0.52    0.00   38.92 v chip_core/mprj/j1a/_40484_/I (gf180mcu_fd_sc_mcu7t5v0__clkinv_1)
     1    0.01    0.36    0.35   39.27 ^ chip_core/mprj/j1a/_40484_/ZN (gf180mcu_fd_sc_mcu7t5v0__clkinv_1)
                                         chip_core/mprj/j1a/_00059_ (net)
                  0.36    0.00   39.27 ^ chip_core/mprj/j1a/_51892_/SETN (gf180mcu_fd_sc_mcu7t5v0__dffsnq_1)
                                 39.27   data arrival time

                         30.00   30.00   clock clk (rise edge)
                          0.00   30.00   clock source latency
     1    3.08    2.00    0.00   30.00 ^ clock (in)
                                         clock (net)
                  2.00    0.00   30.00 ^ padframe/mgmt_clock_input_pad/PAD (gf180mcu_fd_io__in_c)
     1    0.05    0.38    1.83   31.83 ^ padframe/mgmt_clock_input_pad/Y (gf180mcu_fd_io__in_c)
                                         clock_core (net)
                  0.38    0.00   31.83 ^ chip_core/input1/I (gf180mcu_fd_sc_mcu7t5v0__buf_20)
     1    0.08    0.20    0.34   32.17 ^ chip_core/input1/Z (gf180mcu_fd_sc_mcu7t5v0__buf_20)
                                         chip_core/net1 (net)
                  0.20    0.01   32.18 ^ chip_core/wire2130/I (gf180mcu_fd_sc_mcu7t5v0__buf_20)
     1    0.14    0.26    0.34   32.52 ^ chip_core/wire2130/Z (gf180mcu_fd_sc_mcu7t5v0__buf_20)
                                         chip_core/net2130 (net)
                  0.27    0.04   32.56 ^ chip_core/wire2129/I (gf180mcu_fd_sc_mcu7t5v0__buf_20)
     3    0.13    0.26    0.36   32.91 ^ chip_core/wire2129/Z (gf180mcu_fd_sc_mcu7t5v0__buf_20)
                                         chip_core/net2129 (net)
                  0.26    0.03   32.94 ^ chip_core/_21442_/A1 (gf180mcu_fd_sc_mcu7t5v0__oai211_4)
     2    0.03    0.52    0.34   33.28 v chip_core/_21442_/ZN (gf180mcu_fd_sc_mcu7t5v0__oai211_4)
                                         chip_core/_09463_ (net)
                  0.52    0.00   33.28 v chip_core/_21454_/A1 (gf180mcu_fd_sc_mcu7t5v0__nand2_2)
     1    0.32    4.71    2.73   36.02 ^ chip_core/_21454_/ZN (gf180mcu_fd_sc_mcu7t5v0__nand2_2)
                                         chip_core/clock_ctrl.core_clk (net)
                  4.71    0.11   36.12 ^ chip_core/clkbuf_0_clock_ctrl.core_clk/I (gf180mcu_fd_sc_mcu7t5v0__clkbuf_20)
     2    0.05    0.30    0.82   36.94 ^ chip_core/clkbuf_0_clock_ctrl.core_clk/Z (gf180mcu_fd_sc_mcu7t5v0__clkbuf_20)
                                         chip_core/clknet_0_clock_ctrl.core_clk (net)
                  0.30    0.00   36.94 ^ chip_core/clkbuf_1_0_0_clock_ctrl.core_clk/I (gf180mcu_fd_sc_mcu7t5v0__clkbuf_8)
     1    0.05    0.26    0.49   37.43 ^ chip_core/clkbuf_1_0_0_clock_ctrl.core_clk/Z (gf180mcu_fd_sc_mcu7t5v0__clkbuf_8)
                                         chip_core/clknet_1_0_0_clock_ctrl.core_clk (net)
                  0.26    0.00   37.43 ^ chip_core/clkbuf_1_0_1_clock_ctrl.core_clk/I (gf180mcu_fd_sc_mcu7t5v0__clkbuf_8)
     1    0.04    0.23    0.45   37.88 ^ chip_core/clkbuf_1_0_1_clock_ctrl.core_clk/Z (gf180mcu_fd_sc_mcu7t5v0__clkbuf_8)
                                         chip_core/clknet_1_0_1_clock_ctrl.core_clk (net)
                  0.23    0.00   37.88 ^ chip_core/clkbuf_1_0_2_clock_ctrl.core_clk/I (gf180mcu_fd_sc_mcu7t5v0__clkbuf_8)
     1    0.05    0.28    0.48   38.37 ^ chip_core/clkbuf_1_0_2_clock_ctrl.core_clk/Z (gf180mcu_fd_sc_mcu7t5v0__clkbuf_8)
                                         chip_core/clknet_1_0_2_clock_ctrl.core_clk (net)
                  0.28    0.00   38.37 ^ chip_core/clkbuf_1_0_3_clock_ctrl.core_clk/I (gf180mcu_fd_sc_mcu7t5v0__clkbuf_8)
     1    0.02    0.19    0.42   38.79 ^ chip_core/clkbuf_1_0_3_clock_ctrl.core_clk/Z (gf180mcu_fd_sc_mcu7t5v0__clkbuf_8)
                                         chip_core/clknet_1_0_3_clock_ctrl.core_clk (net)
                  0.19    0.00   38.79 ^ chip_core/clkbuf_1_0_4_clock_ctrl.core_clk/I (gf180mcu_fd_sc_mcu7t5v0__clkbuf_8)
     2    0.09    0.41    0.55   39.34 ^ chip_core/clkbuf_1_0_4_clock_ctrl.core_clk/Z (gf180mcu_fd_sc_mcu7t5v0__clkbuf_8)
                                         chip_core/clknet_1_0_4_clock_ctrl.core_clk (net)
                  0.41    0.01   39.35 ^ chip_core/clkbuf_2_1_0_clock_ctrl.core_clk/I (gf180mcu_fd_sc_mcu7t5v0__clkbuf_8)
     1    0.04    0.25    0.49   39.84 ^ chip_core/clkbuf_2_1_0_clock_ctrl.core_clk/Z (gf180mcu_fd_sc_mcu7t5v0__clkbuf_8)
                                         chip_core/clknet_2_1_0_clock_ctrl.core_clk (net)
                  0.25    0.00   39.84 ^ chip_core/clkbuf_2_1_1_clock_ctrl.core_clk/I (gf180mcu_fd_sc_mcu7t5v0__clkbuf_8)
     2    0.09    0.39    0.56   40.40 ^ chip_core/clkbuf_2_1_1_clock_ctrl.core_clk/Z (gf180mcu_fd_sc_mcu7t5v0__clkbuf_8)
                                         chip_core/clknet_2_1_1_clock_ctrl.core_clk (net)
                  0.39    0.00   40.40 ^ chip_core/clkbuf_3_2_0_clock_ctrl.core_clk/I (gf180mcu_fd_sc_mcu7t5v0__clkbuf_8)
     1    0.05    0.27    0.51   40.91 ^ chip_core/clkbuf_3_2_0_clock_ctrl.core_clk/Z (gf180mcu_fd_sc_mcu7t5v0__clkbuf_8)
                                         chip_core/clknet_3_2_0_clock_ctrl.core_clk (net)
                  0.27    0.00   40.91 ^ chip_core/clkbuf_3_2_1_clock_ctrl.core_clk/I (gf180mcu_fd_sc_mcu7t5v0__clkbuf_8)
     1    0.02    0.20    0.43   41.34 ^ chip_core/clkbuf_3_2_1_clock_ctrl.core_clk/Z (gf180mcu_fd_sc_mcu7t5v0__clkbuf_8)
                                         chip_core/clknet_3_2_1_clock_ctrl.core_clk (net)
                  0.20    0.00   41.34 ^ chip_core/clkbuf_3_2_2_clock_ctrl.core_clk/I (gf180mcu_fd_sc_mcu7t5v0__clkbuf_8)
     2    0.08    0.37    0.53   41.87 ^ chip_core/clkbuf_3_2_2_clock_ctrl.core_clk/Z (gf180mcu_fd_sc_mcu7t5v0__clkbuf_8)
                                         chip_core/clknet_3_2_2_clock_ctrl.core_clk (net)
                  0.37    0.00   41.87 ^ chip_core/clkbuf_4_5_0_clock_ctrl.core_clk/I (gf180mcu_fd_sc_mcu7t5v0__clkbuf_8)
     2    0.09    0.39    0.58   42.45 ^ chip_core/clkbuf_4_5_0_clock_ctrl.core_clk/Z (gf180mcu_fd_sc_mcu7t5v0__clkbuf_8)
                                         chip_core/clknet_4_5_0_clock_ctrl.core_clk (net)
                  0.39    0.00   42.46 ^ chip_core/clkbuf_5_10_0_clock_ctrl.core_clk/I (gf180mcu_fd_sc_mcu7t5v0__clkbuf_8)
     2    0.05    0.28    0.51   42.97 ^ chip_core/clkbuf_5_10_0_clock_ctrl.core_clk/Z (gf180mcu_fd_sc_mcu7t5v0__clkbuf_8)
                                         chip_core/clknet_5_10_0_clock_ctrl.core_clk (net)
                  0.28    0.00   42.97 ^ chip_core/clkbuf_6_21_0_clock_ctrl.core_clk/I (gf180mcu_fd_sc_mcu7t5v0__clkbuf_8)
     2    0.05    0.27    0.48   43.46 ^ chip_core/clkbuf_6_21_0_clock_ctrl.core_clk/Z (gf180mcu_fd_sc_mcu7t5v0__clkbuf_8)
                                         chip_core/clknet_6_21_0_clock_ctrl.core_clk (net)
                  0.27    0.00   43.46 ^ chip_core/clkbuf_7_42_0_clock_ctrl.core_clk/I (gf180mcu_fd_sc_mcu7t5v0__clkbuf_8)
     7    0.25    0.91    0.87   44.32 ^ chip_core/clkbuf_7_42_0_clock_ctrl.core_clk/Z (gf180mcu_fd_sc_mcu7t5v0__clkbuf_8)
                                         chip_core/clknet_7_42_0_clock_ctrl.core_clk (net)
                  0.91    0.00   44.33 ^ chip_core/clkbuf_opt_2_0_clock_ctrl.core_clk/I (gf180mcu_fd_sc_mcu7t5v0__clkbuf_20)
     1    0.05    0.20    0.55   44.87 ^ chip_core/clkbuf_opt_2_0_clock_ctrl.core_clk/Z (gf180mcu_fd_sc_mcu7t5v0__clkbuf_20)
                                         chip_core/clknet_opt_2_0_clock_ctrl.core_clk (net)
                  0.20    0.00   44.88 ^ chip_core/clkbuf_opt_2_1_clock_ctrl.core_clk/I (gf180mcu_fd_sc_mcu7t5v0__clkbuf_20)
     2    0.02    0.16    0.39   45.26 ^ chip_core/clkbuf_opt_2_1_clock_ctrl.core_clk/Z (gf180mcu_fd_sc_mcu7t5v0__clkbuf_20)
                                         chip_core/clknet_opt_2_1_clock_ctrl.core_clk (net)
                  0.16    0.00   45.26 ^ chip_core/mprj/j1a/clkbuf_0_boardClk/I (gf180mcu_fd_sc_mcu7t5v0__clkbuf_16)
     4    0.25    0.50    0.61   45.87 ^ chip_core/mprj/j1a/clkbuf_0_boardClk/Z (gf180mcu_fd_sc_mcu7t5v0__clkbuf_16)
                                         chip_core/mprj/j1a/clknet_0_boardClk (net)
                  0.50    0.02   45.90 ^ chip_core/mprj/j1a/clkbuf_1_0_0_boardClk/I (gf180mcu_fd_sc_mcu7t5v0__clkbuf_8)
     8    0.21    0.79    0.84   46.74 ^ chip_core/mprj/j1a/clkbuf_1_0_0_boardClk/Z (gf180mcu_fd_sc_mcu7t5v0__clkbuf_8)
                                         chip_core/mprj/j1a/clknet_1_0_0_boardClk (net)
                  0.79    0.01   46.75 ^ chip_core/mprj/j1a/clkbuf_3_0_0_boardClk/I (gf180mcu_fd_sc_mcu7t5v0__clkbuf_8)
    16    0.29    1.06    1.04   47.79 ^ chip_core/mprj/j1a/clkbuf_3_0_0_boardClk/Z (gf180mcu_fd_sc_mcu7t5v0__clkbuf_8)
                                         chip_core/mprj/j1a/clknet_3_0_0_boardClk (net)
                  1.06    0.03   47.82 ^ chip_core/mprj/j1a/clkbuf_6_1_0_boardClk/I (gf180mcu_fd_sc_mcu7t5v0__clkbuf_8)
     4    0.08    0.37    0.69   48.51 ^ chip_core/mprj/j1a/clkbuf_6_1_0_boardClk/Z (gf180mcu_fd_sc_mcu7t5v0__clkbuf_8)
                                         chip_core/mprj/j1a/clknet_6_1_0_boardClk (net)
                  0.37    0.00   48.51 ^ chip_core/mprj/j1a/clkbuf_7_2__f_boardClk/I (gf180mcu_fd_sc_mcu7t5v0__clkbuf_16)
    10    0.14    0.35    0.57   49.08 ^ chip_core/mprj/j1a/clkbuf_7_2__f_boardClk/Z (gf180mcu_fd_sc_mcu7t5v0__clkbuf_16)
                                         chip_core/mprj/j1a/clknet_7_2__leaf_boardClk (net)
                  0.35    0.00   49.08 ^ chip_core/mprj/j1a/clkbuf_leaf_6_boardClk/I (gf180mcu_fd_sc_mcu7t5v0__clkbuf_16)
     4    0.02    0.17    0.43   49.51 ^ chip_core/mprj/j1a/clkbuf_leaf_6_boardClk/Z (gf180mcu_fd_sc_mcu7t5v0__clkbuf_16)
                                         chip_core/mprj/j1a/clknet_leaf_6_boardClk (net)
                  0.17    0.00   49.51 ^ chip_core/mprj/j1a/_51892_/CLK (gf180mcu_fd_sc_mcu7t5v0__dffsnq_1)
                         -0.10   49.41   clock uncertainty
                          0.65   50.06   clock reconvergence pessimism
                          0.02   50.08   library recovery time
                                 50.08   data required time
-----------------------------------------------------------------------------
                                 50.08   data required time
                                -39.27   data arrival time
-----------------------------------------------------------------------------
                                 10.81   slack (MET)


Startpoint: chip_core/_37874_ (falling edge-triggered flip-flop clocked by clk)
Endpoint: chip_core/mprj/j1a/_52011_ (recovery check against rising-edge clock clk)
Path Group: asynchronous
Path Type: max

Fanout     Cap    Slew   Delay    Time   Description
-----------------------------------------------------------------------------
                         15.00   15.00   clock clk (fall edge)
                          0.00   15.00   clock source latency
     1    3.12    3.50    0.00   15.00 v clock (in)
                                         clock (net)
                  3.50    0.00   15.00 v padframe/mgmt_clock_input_pad/PAD (gf180mcu_fd_io__in_c)
     1    0.05    0.24    2.72   17.72 v padframe/mgmt_clock_input_pad/Y (gf180mcu_fd_io__in_c)
                                         clock_core (net)
                  0.24    0.00   17.72 v chip_core/input1/I (gf180mcu_fd_sc_mcu7t5v0__buf_20)
     1    0.08    0.16    0.38   18.10 v chip_core/input1/Z (gf180mcu_fd_sc_mcu7t5v0__buf_20)
                                         chip_core/net1 (net)
                  0.16    0.01   18.11 v chip_core/wire2130/I (gf180mcu_fd_sc_mcu7t5v0__buf_20)
     1    0.14    0.20    0.39   18.50 v chip_core/wire2130/Z (gf180mcu_fd_sc_mcu7t5v0__buf_20)
                                         chip_core/net2130 (net)
                  0.22    0.04   18.54 v chip_core/wire2129/I (gf180mcu_fd_sc_mcu7t5v0__buf_20)
     3    0.13    0.20    0.41   18.94 v chip_core/wire2129/Z (gf180mcu_fd_sc_mcu7t5v0__buf_20)
                                         chip_core/net2129 (net)
                  0.21    0.03   18.97 v chip_core/_21442_/A1 (gf180mcu_fd_sc_mcu7t5v0__oai211_4)
     2    0.03    0.84    0.58   19.55 ^ chip_core/_21442_/ZN (gf180mcu_fd_sc_mcu7t5v0__oai211_4)
                                         chip_core/_09463_ (net)
                  0.84    0.00   19.55 ^ chip_core/_21454_/A1 (gf180mcu_fd_sc_mcu7t5v0__nand2_2)
     1    0.32    4.12    2.69   22.24 v chip_core/_21454_/ZN (gf180mcu_fd_sc_mcu7t5v0__nand2_2)
                                         chip_core/clock_ctrl.core_clk (net)
                  4.13    0.12   22.35 v chip_core/clkbuf_0_clock_ctrl.core_clk/I (gf180mcu_fd_sc_mcu7t5v0__clkbuf_20)
     2    0.05    0.30    1.21   23.57 v chip_core/clkbuf_0_clock_ctrl.core_clk/Z (gf180mcu_fd_sc_mcu7t5v0__clkbuf_20)
                                         chip_core/clknet_0_clock_ctrl.core_clk (net)
                  0.30    0.00   23.57 v chip_core/clkbuf_1_1_0_clock_ctrl.core_clk/I (gf180mcu_fd_sc_mcu7t5v0__clkbuf_8)
     1    0.04    0.27    0.55   24.11 v chip_core/clkbuf_1_1_0_clock_ctrl.core_clk/Z (gf180mcu_fd_sc_mcu7t5v0__clkbuf_8)
                                         chip_core/clknet_1_1_0_clock_ctrl.core_clk (net)
                  0.27    0.00   24.11 v chip_core/clkbuf_1_1_1_clock_ctrl.core_clk/I (gf180mcu_fd_sc_mcu7t5v0__clkbuf_8)
     1    0.05    0.28    0.54   24.66 v chip_core/clkbuf_1_1_1_clock_ctrl.core_clk/Z (gf180mcu_fd_sc_mcu7t5v0__clkbuf_8)
                                         chip_core/clknet_1_1_1_clock_ctrl.core_clk (net)
                  0.28    0.00   24.66 v chip_core/clkbuf_1_1_2_clock_ctrl.core_clk/I (gf180mcu_fd_sc_mcu7t5v0__clkbuf_8)
     1    0.05    0.28    0.55   25.21 v chip_core/clkbuf_1_1_2_clock_ctrl.core_clk/Z (gf180mcu_fd_sc_mcu7t5v0__clkbuf_8)
                                         chip_core/clknet_1_1_2_clock_ctrl.core_clk (net)
                  0.28    0.00   25.21 v chip_core/clkbuf_1_1_3_clock_ctrl.core_clk/I (gf180mcu_fd_sc_mcu7t5v0__clkbuf_8)
     1    0.03    0.21    0.49   25.70 v chip_core/clkbuf_1_1_3_clock_ctrl.core_clk/Z (gf180mcu_fd_sc_mcu7t5v0__clkbuf_8)
                                         chip_core/clknet_1_1_3_clock_ctrl.core_clk (net)
                  0.21    0.00   25.71 v chip_core/clkbuf_1_1_4_clock_ctrl.core_clk/I (gf180mcu_fd_sc_mcu7t5v0__clkbuf_8)
     2    0.08    0.40    0.62   26.33 v chip_core/clkbuf_1_1_4_clock_ctrl.core_clk/Z (gf180mcu_fd_sc_mcu7t5v0__clkbuf_8)
                                         chip_core/clknet_1_1_4_clock_ctrl.core_clk (net)
                  0.40    0.00   26.33 v chip_core/clkbuf_2_2_0_clock_ctrl.core_clk/I (gf180mcu_fd_sc_mcu7t5v0__clkbuf_8)
     1    0.04    0.26    0.57   26.90 v chip_core/clkbuf_2_2_0_clock_ctrl.core_clk/Z (gf180mcu_fd_sc_mcu7t5v0__clkbuf_8)
                                         chip_core/clknet_2_2_0_clock_ctrl.core_clk (net)
                  0.26    0.00   26.90 v chip_core/clkbuf_2_2_1_clock_ctrl.core_clk/I (gf180mcu_fd_sc_mcu7t5v0__clkbuf_8)
     2    0.07    0.35    0.60   27.49 v chip_core/clkbuf_2_2_1_clock_ctrl.core_clk/Z (gf180mcu_fd_sc_mcu7t5v0__clkbuf_8)
                                         chip_core/clknet_2_2_1_clock_ctrl.core_clk (net)
                  0.35    0.00   27.50 v chip_core/clkbuf_3_5_0_clock_ctrl.core_clk/I (gf180mcu_fd_sc_mcu7t5v0__clkbuf_8)
     1    0.03    0.23    0.53   28.03 v chip_core/clkbuf_3_5_0_clock_ctrl.core_clk/Z (gf180mcu_fd_sc_mcu7t5v0__clkbuf_8)
                                         chip_core/clknet_3_5_0_clock_ctrl.core_clk (net)
                  0.23    0.00   28.03 v chip_core/clkbuf_3_5_1_clock_ctrl.core_clk/I (gf180mcu_fd_sc_mcu7t5v0__clkbuf_8)
     1    0.02    0.20    0.47   28.49 v chip_core/clkbuf_3_5_1_clock_ctrl.core_clk/Z (gf180mcu_fd_sc_mcu7t5v0__clkbuf_8)
                                         chip_core/clknet_3_5_1_clock_ctrl.core_clk (net)
                  0.20    0.00   28.49 v chip_core/clkbuf_3_5_2_clock_ctrl.core_clk/I (gf180mcu_fd_sc_mcu7t5v0__clkbuf_8)
     2    0.07    0.35    0.58   29.07 v chip_core/clkbuf_3_5_2_clock_ctrl.core_clk/Z (gf180mcu_fd_sc_mcu7t5v0__clkbuf_8)
                                         chip_core/clknet_3_5_2_clock_ctrl.core_clk (net)
                  0.35    0.00   29.08 v chip_core/clkbuf_4_10_0_clock_ctrl.core_clk/I (gf180mcu_fd_sc_mcu7t5v0__clkbuf_8)
     2    0.07    0.37    0.64   29.72 v chip_core/clkbuf_4_10_0_clock_ctrl.core_clk/Z (gf180mcu_fd_sc_mcu7t5v0__clkbuf_8)
                                         chip_core/clknet_4_10_0_clock_ctrl.core_clk (net)
                  0.37    0.00   29.72 v chip_core/clkbuf_5_21_0_clock_ctrl.core_clk/I (gf180mcu_fd_sc_mcu7t5v0__clkbuf_8)
     2    0.05    0.29    0.59   30.31 v chip_core/clkbuf_5_21_0_clock_ctrl.core_clk/Z (gf180mcu_fd_sc_mcu7t5v0__clkbuf_8)
                                         chip_core/clknet_5_21_0_clock_ctrl.core_clk (net)
                  0.29    0.00   30.32 v chip_core/clkbuf_6_43_0_clock_ctrl.core_clk/I (gf180mcu_fd_sc_mcu7t5v0__clkbuf_8)
     2    0.05    0.29    0.56   30.88 v chip_core/clkbuf_6_43_0_clock_ctrl.core_clk/Z (gf180mcu_fd_sc_mcu7t5v0__clkbuf_8)
                                         chip_core/clknet_6_43_0_clock_ctrl.core_clk (net)
                  0.29    0.00   30.88 v chip_core/clkbuf_7_87_0_clock_ctrl.core_clk/I (gf180mcu_fd_sc_mcu7t5v0__clkbuf_8)
    13    0.37    1.42    1.31   32.19 v chip_core/clkbuf_7_87_0_clock_ctrl.core_clk/Z (gf180mcu_fd_sc_mcu7t5v0__clkbuf_8)
                                         chip_core/clknet_7_87_0_clock_ctrl.core_clk (net)
                  1.42    0.01   32.20 v chip_core/clkbuf_leaf_1161_clock_ctrl.core_clk/I (gf180mcu_fd_sc_mcu7t5v0__clkbuf_20)
     3    0.02    0.18    0.74   32.94 v chip_core/clkbuf_leaf_1161_clock_ctrl.core_clk/Z (gf180mcu_fd_sc_mcu7t5v0__clkbuf_20)
                                         chip_core/clknet_leaf_1161_clock_ctrl.core_clk (net)
                  0.18    0.00   32.94 v chip_core/_37874_/CLKN (gf180mcu_fd_sc_mcu7t5v0__dffnsnq_4)
     3    0.09    0.61    1.98   34.92 v chip_core/_37874_/Q (gf180mcu_fd_sc_mcu7t5v0__dffnsnq_4)
                                         chip_core/clock_ctrl.reset_delay[0] (net)
                  0.61    0.00   34.92 v chip_core/max_length1744/I (gf180mcu_fd_sc_mcu7t5v0__buf_4)
     1    0.10    0.47    0.74   35.66 v chip_core/max_length1744/Z (gf180mcu_fd_sc_mcu7t5v0__buf_4)
                                         chip_core/net1744 (net)
                  0.47    0.01   35.67 v chip_core/wire1743/I (gf180mcu_fd_sc_mcu7t5v0__buf_8)
     6    0.05    0.21    0.50   36.17 v chip_core/wire1743/Z (gf180mcu_fd_sc_mcu7t5v0__buf_8)
                                         chip_core/net1743 (net)
                  0.21    0.00   36.17 v chip_core/wire1742/I (gf180mcu_fd_sc_mcu7t5v0__clkbuf_8)
     3    0.05    0.28    0.52   36.69 v chip_core/wire1742/Z (gf180mcu_fd_sc_mcu7t5v0__clkbuf_8)
                                         chip_core/net1742 (net)
                  0.28    0.00   36.69 v chip_core/wire1741/I (gf180mcu_fd_sc_mcu7t5v0__clkbuf_4)
     2    0.01    0.16    0.45   37.14 v chip_core/wire1741/Z (gf180mcu_fd_sc_mcu7t5v0__clkbuf_4)
                                         chip_core/net1741 (net)
                  0.16    0.00   37.14 v chip_core/mprj/j1a/input11/I (gf180mcu_fd_sc_mcu7t5v0__clkbuf_3)
     8    0.10    0.76    0.85   37.99 v chip_core/mprj/j1a/input11/Z (gf180mcu_fd_sc_mcu7t5v0__clkbuf_3)
                                         chip_core/mprj/j1a/net11 (net)
                  0.76    0.02   38.01 v chip_core/mprj/j1a/_39272_/I (gf180mcu_fd_sc_mcu7t5v0__buf_1)
     4    0.03    0.52    0.91   38.92 v chip_core/mprj/j1a/_39272_/Z (gf180mcu_fd_sc_mcu7t5v0__buf_1)
                                         chip_core/mprj/j1a/_17950_ (net)
                  0.52    0.00   38.92 v chip_core/mprj/j1a/_40779_/I (gf180mcu_fd_sc_mcu7t5v0__clkinv_1)
     1    0.01    0.34    0.33   39.26 ^ chip_core/mprj/j1a/_40779_/ZN (gf180mcu_fd_sc_mcu7t5v0__clkinv_1)
                                         chip_core/mprj/j1a/_00060_ (net)
                  0.34    0.00   39.26 ^ chip_core/mprj/j1a/_52011_/SETN (gf180mcu_fd_sc_mcu7t5v0__dffsnq_1)
                                 39.26   data arrival time

                         30.00   30.00   clock clk (rise edge)
                          0.00   30.00   clock source latency
     1    3.08    2.00    0.00   30.00 ^ clock (in)
                                         clock (net)
                  2.00    0.00   30.00 ^ padframe/mgmt_clock_input_pad/PAD (gf180mcu_fd_io__in_c)
     1    0.05    0.38    1.83   31.83 ^ padframe/mgmt_clock_input_pad/Y (gf180mcu_fd_io__in_c)
                                         clock_core (net)
                  0.38    0.00   31.83 ^ chip_core/input1/I (gf180mcu_fd_sc_mcu7t5v0__buf_20)
     1    0.08    0.20    0.34   32.17 ^ chip_core/input1/Z (gf180mcu_fd_sc_mcu7t5v0__buf_20)
                                         chip_core/net1 (net)
                  0.20    0.01   32.18 ^ chip_core/wire2130/I (gf180mcu_fd_sc_mcu7t5v0__buf_20)
     1    0.14    0.26    0.34   32.52 ^ chip_core/wire2130/Z (gf180mcu_fd_sc_mcu7t5v0__buf_20)
                                         chip_core/net2130 (net)
                  0.27    0.04   32.56 ^ chip_core/wire2129/I (gf180mcu_fd_sc_mcu7t5v0__buf_20)
     3    0.13    0.26    0.36   32.91 ^ chip_core/wire2129/Z (gf180mcu_fd_sc_mcu7t5v0__buf_20)
                                         chip_core/net2129 (net)
                  0.26    0.03   32.94 ^ chip_core/_21442_/A1 (gf180mcu_fd_sc_mcu7t5v0__oai211_4)
     2    0.03    0.52    0.34   33.28 v chip_core/_21442_/ZN (gf180mcu_fd_sc_mcu7t5v0__oai211_4)
                                         chip_core/_09463_ (net)
                  0.52    0.00   33.28 v chip_core/_21454_/A1 (gf180mcu_fd_sc_mcu7t5v0__nand2_2)
     1    0.32    4.71    2.73   36.02 ^ chip_core/_21454_/ZN (gf180mcu_fd_sc_mcu7t5v0__nand2_2)
                                         chip_core/clock_ctrl.core_clk (net)
                  4.71    0.11   36.12 ^ chip_core/clkbuf_0_clock_ctrl.core_clk/I (gf180mcu_fd_sc_mcu7t5v0__clkbuf_20)
     2    0.05    0.30    0.82   36.94 ^ chip_core/clkbuf_0_clock_ctrl.core_clk/Z (gf180mcu_fd_sc_mcu7t5v0__clkbuf_20)
                                         chip_core/clknet_0_clock_ctrl.core_clk (net)
                  0.30    0.00   36.94 ^ chip_core/clkbuf_1_0_0_clock_ctrl.core_clk/I (gf180mcu_fd_sc_mcu7t5v0__clkbuf_8)
     1    0.05    0.26    0.49   37.43 ^ chip_core/clkbuf_1_0_0_clock_ctrl.core_clk/Z (gf180mcu_fd_sc_mcu7t5v0__clkbuf_8)
                                         chip_core/clknet_1_0_0_clock_ctrl.core_clk (net)
                  0.26    0.00   37.43 ^ chip_core/clkbuf_1_0_1_clock_ctrl.core_clk/I (gf180mcu_fd_sc_mcu7t5v0__clkbuf_8)
     1    0.04    0.23    0.45   37.88 ^ chip_core/clkbuf_1_0_1_clock_ctrl.core_clk/Z (gf180mcu_fd_sc_mcu7t5v0__clkbuf_8)
                                         chip_core/clknet_1_0_1_clock_ctrl.core_clk (net)
                  0.23    0.00   37.88 ^ chip_core/clkbuf_1_0_2_clock_ctrl.core_clk/I (gf180mcu_fd_sc_mcu7t5v0__clkbuf_8)
     1    0.05    0.28    0.48   38.37 ^ chip_core/clkbuf_1_0_2_clock_ctrl.core_clk/Z (gf180mcu_fd_sc_mcu7t5v0__clkbuf_8)
                                         chip_core/clknet_1_0_2_clock_ctrl.core_clk (net)
                  0.28    0.00   38.37 ^ chip_core/clkbuf_1_0_3_clock_ctrl.core_clk/I (gf180mcu_fd_sc_mcu7t5v0__clkbuf_8)
     1    0.02    0.19    0.42   38.79 ^ chip_core/clkbuf_1_0_3_clock_ctrl.core_clk/Z (gf180mcu_fd_sc_mcu7t5v0__clkbuf_8)
                                         chip_core/clknet_1_0_3_clock_ctrl.core_clk (net)
                  0.19    0.00   38.79 ^ chip_core/clkbuf_1_0_4_clock_ctrl.core_clk/I (gf180mcu_fd_sc_mcu7t5v0__clkbuf_8)
     2    0.09    0.41    0.55   39.34 ^ chip_core/clkbuf_1_0_4_clock_ctrl.core_clk/Z (gf180mcu_fd_sc_mcu7t5v0__clkbuf_8)
                                         chip_core/clknet_1_0_4_clock_ctrl.core_clk (net)
                  0.41    0.01   39.35 ^ chip_core/clkbuf_2_1_0_clock_ctrl.core_clk/I (gf180mcu_fd_sc_mcu7t5v0__clkbuf_8)
     1    0.04    0.25    0.49   39.84 ^ chip_core/clkbuf_2_1_0_clock_ctrl.core_clk/Z (gf180mcu_fd_sc_mcu7t5v0__clkbuf_8)
                                         chip_core/clknet_2_1_0_clock_ctrl.core_clk (net)
                  0.25    0.00   39.84 ^ chip_core/clkbuf_2_1_1_clock_ctrl.core_clk/I (gf180mcu_fd_sc_mcu7t5v0__clkbuf_8)
     2    0.09    0.39    0.56   40.40 ^ chip_core/clkbuf_2_1_1_clock_ctrl.core_clk/Z (gf180mcu_fd_sc_mcu7t5v0__clkbuf_8)
                                         chip_core/clknet_2_1_1_clock_ctrl.core_clk (net)
                  0.39    0.00   40.40 ^ chip_core/clkbuf_3_2_0_clock_ctrl.core_clk/I (gf180mcu_fd_sc_mcu7t5v0__clkbuf_8)
     1    0.05    0.27    0.51   40.91 ^ chip_core/clkbuf_3_2_0_clock_ctrl.core_clk/Z (gf180mcu_fd_sc_mcu7t5v0__clkbuf_8)
                                         chip_core/clknet_3_2_0_clock_ctrl.core_clk (net)
                  0.27    0.00   40.91 ^ chip_core/clkbuf_3_2_1_clock_ctrl.core_clk/I (gf180mcu_fd_sc_mcu7t5v0__clkbuf_8)
     1    0.02    0.20    0.43   41.34 ^ chip_core/clkbuf_3_2_1_clock_ctrl.core_clk/Z (gf180mcu_fd_sc_mcu7t5v0__clkbuf_8)
                                         chip_core/clknet_3_2_1_clock_ctrl.core_clk (net)
                  0.20    0.00   41.34 ^ chip_core/clkbuf_3_2_2_clock_ctrl.core_clk/I (gf180mcu_fd_sc_mcu7t5v0__clkbuf_8)
     2    0.08    0.37    0.53   41.87 ^ chip_core/clkbuf_3_2_2_clock_ctrl.core_clk/Z (gf180mcu_fd_sc_mcu7t5v0__clkbuf_8)
                                         chip_core/clknet_3_2_2_clock_ctrl.core_clk (net)
                  0.37    0.00   41.87 ^ chip_core/clkbuf_4_5_0_clock_ctrl.core_clk/I (gf180mcu_fd_sc_mcu7t5v0__clkbuf_8)
     2    0.09    0.39    0.58   42.45 ^ chip_core/clkbuf_4_5_0_clock_ctrl.core_clk/Z (gf180mcu_fd_sc_mcu7t5v0__clkbuf_8)
                                         chip_core/clknet_4_5_0_clock_ctrl.core_clk (net)
                  0.39    0.00   42.46 ^ chip_core/clkbuf_5_10_0_clock_ctrl.core_clk/I (gf180mcu_fd_sc_mcu7t5v0__clkbuf_8)
     2    0.05    0.28    0.51   42.97 ^ chip_core/clkbuf_5_10_0_clock_ctrl.core_clk/Z (gf180mcu_fd_sc_mcu7t5v0__clkbuf_8)
                                         chip_core/clknet_5_10_0_clock_ctrl.core_clk (net)
                  0.28    0.00   42.97 ^ chip_core/clkbuf_6_21_0_clock_ctrl.core_clk/I (gf180mcu_fd_sc_mcu7t5v0__clkbuf_8)
     2    0.05    0.27    0.48   43.46 ^ chip_core/clkbuf_6_21_0_clock_ctrl.core_clk/Z (gf180mcu_fd_sc_mcu7t5v0__clkbuf_8)
                                         chip_core/clknet_6_21_0_clock_ctrl.core_clk (net)
                  0.27    0.00   43.46 ^ chip_core/clkbuf_7_42_0_clock_ctrl.core_clk/I (gf180mcu_fd_sc_mcu7t5v0__clkbuf_8)
     7    0.25    0.91    0.87   44.32 ^ chip_core/clkbuf_7_42_0_clock_ctrl.core_clk/Z (gf180mcu_fd_sc_mcu7t5v0__clkbuf_8)
                                         chip_core/clknet_7_42_0_clock_ctrl.core_clk (net)
                  0.91    0.00   44.33 ^ chip_core/clkbuf_opt_2_0_clock_ctrl.core_clk/I (gf180mcu_fd_sc_mcu7t5v0__clkbuf_20)
     1    0.05    0.20    0.55   44.87 ^ chip_core/clkbuf_opt_2_0_clock_ctrl.core_clk/Z (gf180mcu_fd_sc_mcu7t5v0__clkbuf_20)
                                         chip_core/clknet_opt_2_0_clock_ctrl.core_clk (net)
                  0.20    0.00   44.88 ^ chip_core/clkbuf_opt_2_1_clock_ctrl.core_clk/I (gf180mcu_fd_sc_mcu7t5v0__clkbuf_20)
     2    0.02    0.16    0.39   45.26 ^ chip_core/clkbuf_opt_2_1_clock_ctrl.core_clk/Z (gf180mcu_fd_sc_mcu7t5v0__clkbuf_20)
                                         chip_core/clknet_opt_2_1_clock_ctrl.core_clk (net)
                  0.16    0.00   45.26 ^ chip_core/mprj/j1a/clkbuf_0_boardClk/I (gf180mcu_fd_sc_mcu7t5v0__clkbuf_16)
     4    0.25    0.50    0.61   45.87 ^ chip_core/mprj/j1a/clkbuf_0_boardClk/Z (gf180mcu_fd_sc_mcu7t5v0__clkbuf_16)
                                         chip_core/mprj/j1a/clknet_0_boardClk (net)
                  0.50    0.02   45.90 ^ chip_core/mprj/j1a/clkbuf_1_0_0_boardClk/I (gf180mcu_fd_sc_mcu7t5v0__clkbuf_8)
     8    0.21    0.79    0.84   46.74 ^ chip_core/mprj/j1a/clkbuf_1_0_0_boardClk/Z (gf180mcu_fd_sc_mcu7t5v0__clkbuf_8)
                                         chip_core/mprj/j1a/clknet_1_0_0_boardClk (net)
                  0.79    0.01   46.75 ^ chip_core/mprj/j1a/clkbuf_3_0_0_boardClk/I (gf180mcu_fd_sc_mcu7t5v0__clkbuf_8)
    16    0.29    1.06    1.04   47.79 ^ chip_core/mprj/j1a/clkbuf_3_0_0_boardClk/Z (gf180mcu_fd_sc_mcu7t5v0__clkbuf_8)
                                         chip_core/mprj/j1a/clknet_3_0_0_boardClk (net)
                  1.06    0.03   47.82 ^ chip_core/mprj/j1a/clkbuf_6_1_0_boardClk/I (gf180mcu_fd_sc_mcu7t5v0__clkbuf_8)
     4    0.08    0.37    0.69   48.51 ^ chip_core/mprj/j1a/clkbuf_6_1_0_boardClk/Z (gf180mcu_fd_sc_mcu7t5v0__clkbuf_8)
                                         chip_core/mprj/j1a/clknet_6_1_0_boardClk (net)
                  0.37    0.00   48.51 ^ chip_core/mprj/j1a/clkbuf_7_2__f_boardClk/I (gf180mcu_fd_sc_mcu7t5v0__clkbuf_16)
    10    0.14    0.35    0.57   49.08 ^ chip_core/mprj/j1a/clkbuf_7_2__f_boardClk/Z (gf180mcu_fd_sc_mcu7t5v0__clkbuf_16)
                                         chip_core/mprj/j1a/clknet_7_2__leaf_boardClk (net)
                  0.35    0.00   49.08 ^ chip_core/mprj/j1a/clkbuf_leaf_6_boardClk/I (gf180mcu_fd_sc_mcu7t5v0__clkbuf_16)
     4    0.02    0.17    0.43   49.51 ^ chip_core/mprj/j1a/clkbuf_leaf_6_boardClk/Z (gf180mcu_fd_sc_mcu7t5v0__clkbuf_16)
                                         chip_core/mprj/j1a/clknet_leaf_6_boardClk (net)
                  0.17    0.00   49.51 ^ chip_core/mprj/j1a/_52011_/CLK (gf180mcu_fd_sc_mcu7t5v0__dffsnq_1)
                         -0.10   49.41   clock uncertainty
                          0.65   50.06   clock reconvergence pessimism
                          0.02   50.09   library recovery time
                                 50.09   data required time
-----------------------------------------------------------------------------
                                 50.09   data required time
                                -39.26   data arrival time
-----------------------------------------------------------------------------
                                 10.83   slack (MET)


min:
reg-reg: 0/0
reg-output: 0/0
input-reg: 0/0
input-output: 0/0
max:
reg-reg: 0/2
reg-output: 0/0
input-reg: 0/0
input-output: 0/0
