-------------------------------------------------------------------------------------------------
SUMMARY
-------------------------------------------------------------------------------------------------

 corner|     min delay |  min reg2reg |    max delay |  max reg2reg |      max cap |     max slew
-------------------------------------------------------------------------------------------------
  t-max|           met |          met |          met |          met |   vio(-0.04) |   vio(-0.44)

violating reg2reg min reports


violating reg2reg max reports


--------------------------------------------------------------------------------------------
COMMAND
--------------------------------------------------------------------------------------------

exec> report_check_types \
        -max_slew \
        -max_capacitance \
        -recovery \
        -removal \
        -format end \
        -violators
design: caravel
time: Sun Dec 10 16:14:29 UTC 2023

--------------------------------------------------------------------------------------------
REPORT
--------------------------------------------------------------------------------------------


max slew

Pin                                    Limit    Slew   Slack
------------------------------------------------------------
chip_core/mprj/j1a/_26305_/A1           4.00    4.44   -0.44 (VIOLATED)
chip_core/mprj/j1a/ANTENNA__26305__A1/I    4.00    4.44   -0.44 (VIOLATED)
chip_core/mprj/j1a/_26297_/ZN           4.00    4.42   -0.42 (VIOLATED)
chip_core/mprj/j1a/_35432_/A1           4.00    4.38   -0.38 (VIOLATED)
chip_core/mprj/j1a/ANTENNA__35432__A1/I    4.00    4.38   -0.38 (VIOLATED)
chip_core/mprj/j1a/_35426_/ZN           4.00    4.36   -0.36 (VIOLATED)
chip_core/mprj/j1a/_34629_/A2           4.00    4.24   -0.24 (VIOLATED)
chip_core/mprj/j1a/ANTENNA__34629__A2/I    4.00    4.24   -0.24 (VIOLATED)
chip_core/mprj/j1a/_34627_/ZN           4.00    4.23   -0.23 (VIOLATED)
chip_core/mprj/j1a/_33693_/A1           4.00    4.20   -0.20 (VIOLATED)
chip_core/mprj/j1a/ANTENNA__33693__A1/I    4.00    4.20   -0.20 (VIOLATED)
chip_core/mprj/j1a/_33684_/ZN           4.00    4.19   -0.19 (VIOLATED)

max capacitance

Pin                                    Limit     Cap   Slack
------------------------------------------------------------
chip_core/mprj/j1a/_34627_/ZN           0.25    0.29   -0.04 (VIOLATED)
chip_core/mprj/j1a/_48690_/ZN           0.34    0.35   -0.01 (VIOLATED)
chip_core/mprj/j1a/_35345_/ZN           0.25    0.26   -0.01 (VIOLATED)
chip_core/mprj/j1a/_25545_/ZN           0.34    0.34   -0.00 (VIOLATED)
chip_core/mprj/j1a/_45709_/ZN           0.34    0.34   -0.00 (VIOLATED)

