--------------------------------------------------------------------------------------------
COMMAND
--------------------------------------------------------------------------------------------

exec> report_checks \
        -path_delay max \
        -through _001e820400000000_p_Instance \
        -format full_clock_expanded \
        -fields {slew cap input_pins nets fanout} \
        -no_line_splits \
        -group_count 1000 \
        -slack_max 40 \
        -digits 2 \
        -unique_paths_to_endpoint \
        
design: caravel
time: Sun Dec 10 16:14:28 UTC 2023

--------------------------------------------------------------------------------------------
REPORT
--------------------------------------------------------------------------------------------

Startpoint: chip_core/_37874_ (falling edge-triggered flip-flop clocked by clk)
Endpoint: chip_core/mprj/j1a/_51892_ (recovery check against rising-edge clock clk)
Path Group: asynchronous
Path Type: max

Fanout     Cap    Slew   Delay    Time   Description
-----------------------------------------------------------------------------
                         15.00   15.00   clock clk (fall edge)
                          0.00   15.00   clock source latency
     1    2.99    3.50    0.00   15.00 v clock (in)
                                         clock (net)
                  3.50    0.00   15.00 v padframe/mgmt_clock_input_pad/PAD (gf180mcu_fd_io__in_c)
     1    0.05    0.14    2.25   17.25 v padframe/mgmt_clock_input_pad/Y (gf180mcu_fd_io__in_c)
                                         clock_core (net)
                  0.14    0.00   17.25 v chip_core/input1/I (gf180mcu_fd_sc_mcu7t5v0__buf_20)
     1    0.07    0.09    0.21   17.47 v chip_core/input1/Z (gf180mcu_fd_sc_mcu7t5v0__buf_20)
                                         chip_core/net1 (net)
                  0.09    0.01   17.48 v chip_core/wire2130/I (gf180mcu_fd_sc_mcu7t5v0__buf_20)
     1    0.13    0.11    0.21   17.69 v chip_core/wire2130/Z (gf180mcu_fd_sc_mcu7t5v0__buf_20)
                                         chip_core/net2130 (net)
                  0.13    0.03   17.72 v chip_core/wire2129/I (gf180mcu_fd_sc_mcu7t5v0__buf_20)
     3    0.12    0.11    0.22   17.94 v chip_core/wire2129/Z (gf180mcu_fd_sc_mcu7t5v0__buf_20)
                                         chip_core/net2129 (net)
                  0.12    0.02   17.96 v chip_core/_21442_/A1 (gf180mcu_fd_sc_mcu7t5v0__oai211_4)
     2    0.03    0.44    0.31   18.27 ^ chip_core/_21442_/ZN (gf180mcu_fd_sc_mcu7t5v0__oai211_4)
                                         chip_core/_09463_ (net)
                  0.44    0.00   18.27 ^ chip_core/_21454_/A1 (gf180mcu_fd_sc_mcu7t5v0__nand2_2)
     1    0.29    2.09    1.36   19.63 v chip_core/_21454_/ZN (gf180mcu_fd_sc_mcu7t5v0__nand2_2)
                                         chip_core/clock_ctrl.core_clk (net)
                  2.10    0.09   19.72 v chip_core/clkbuf_0_clock_ctrl.core_clk/I (gf180mcu_fd_sc_mcu7t5v0__clkbuf_20)
     2    0.04    0.16    0.63   20.35 v chip_core/clkbuf_0_clock_ctrl.core_clk/Z (gf180mcu_fd_sc_mcu7t5v0__clkbuf_20)
                                         chip_core/clknet_0_clock_ctrl.core_clk (net)
                  0.16    0.00   20.35 v chip_core/clkbuf_1_1_0_clock_ctrl.core_clk/I (gf180mcu_fd_sc_mcu7t5v0__clkbuf_8)
     1    0.04    0.14    0.29   20.64 v chip_core/clkbuf_1_1_0_clock_ctrl.core_clk/Z (gf180mcu_fd_sc_mcu7t5v0__clkbuf_8)
                                         chip_core/clknet_1_1_0_clock_ctrl.core_clk (net)
                  0.14    0.00   20.65 v chip_core/clkbuf_1_1_1_clock_ctrl.core_clk/I (gf180mcu_fd_sc_mcu7t5v0__clkbuf_8)
     1    0.04    0.15    0.29   20.94 v chip_core/clkbuf_1_1_1_clock_ctrl.core_clk/Z (gf180mcu_fd_sc_mcu7t5v0__clkbuf_8)
                                         chip_core/clknet_1_1_1_clock_ctrl.core_clk (net)
                  0.15    0.00   20.94 v chip_core/clkbuf_1_1_2_clock_ctrl.core_clk/I (gf180mcu_fd_sc_mcu7t5v0__clkbuf_8)
     1    0.04    0.15    0.30   21.24 v chip_core/clkbuf_1_1_2_clock_ctrl.core_clk/Z (gf180mcu_fd_sc_mcu7t5v0__clkbuf_8)
                                         chip_core/clknet_1_1_2_clock_ctrl.core_clk (net)
                  0.15    0.00   21.24 v chip_core/clkbuf_1_1_3_clock_ctrl.core_clk/I (gf180mcu_fd_sc_mcu7t5v0__clkbuf_8)
     1    0.02    0.11    0.27   21.51 v chip_core/clkbuf_1_1_3_clock_ctrl.core_clk/Z (gf180mcu_fd_sc_mcu7t5v0__clkbuf_8)
                                         chip_core/clknet_1_1_3_clock_ctrl.core_clk (net)
                  0.11    0.00   21.51 v chip_core/clkbuf_1_1_4_clock_ctrl.core_clk/I (gf180mcu_fd_sc_mcu7t5v0__clkbuf_8)
     2    0.08    0.21    0.34   21.84 v chip_core/clkbuf_1_1_4_clock_ctrl.core_clk/Z (gf180mcu_fd_sc_mcu7t5v0__clkbuf_8)
                                         chip_core/clknet_1_1_4_clock_ctrl.core_clk (net)
                  0.21    0.00   21.84 v chip_core/clkbuf_2_2_0_clock_ctrl.core_clk/I (gf180mcu_fd_sc_mcu7t5v0__clkbuf_8)
     1    0.04    0.14    0.31   22.15 v chip_core/clkbuf_2_2_0_clock_ctrl.core_clk/Z (gf180mcu_fd_sc_mcu7t5v0__clkbuf_8)
                                         chip_core/clknet_2_2_0_clock_ctrl.core_clk (net)
                  0.14    0.00   22.15 v chip_core/clkbuf_2_2_1_clock_ctrl.core_clk/I (gf180mcu_fd_sc_mcu7t5v0__clkbuf_8)
     2    0.06    0.19    0.32   22.48 v chip_core/clkbuf_2_2_1_clock_ctrl.core_clk/Z (gf180mcu_fd_sc_mcu7t5v0__clkbuf_8)
                                         chip_core/clknet_2_2_1_clock_ctrl.core_clk (net)
                  0.19    0.00   22.48 v chip_core/clkbuf_3_5_0_clock_ctrl.core_clk/I (gf180mcu_fd_sc_mcu7t5v0__clkbuf_8)
     1    0.03    0.13    0.29   22.76 v chip_core/clkbuf_3_5_0_clock_ctrl.core_clk/Z (gf180mcu_fd_sc_mcu7t5v0__clkbuf_8)
                                         chip_core/clknet_3_5_0_clock_ctrl.core_clk (net)
                  0.13    0.00   22.77 v chip_core/clkbuf_3_5_1_clock_ctrl.core_clk/I (gf180mcu_fd_sc_mcu7t5v0__clkbuf_8)
     1    0.02    0.11    0.26   23.02 v chip_core/clkbuf_3_5_1_clock_ctrl.core_clk/Z (gf180mcu_fd_sc_mcu7t5v0__clkbuf_8)
                                         chip_core/clknet_3_5_1_clock_ctrl.core_clk (net)
                  0.11    0.00   23.02 v chip_core/clkbuf_3_5_2_clock_ctrl.core_clk/I (gf180mcu_fd_sc_mcu7t5v0__clkbuf_8)
     2    0.06    0.19    0.32   23.34 v chip_core/clkbuf_3_5_2_clock_ctrl.core_clk/Z (gf180mcu_fd_sc_mcu7t5v0__clkbuf_8)
                                         chip_core/clknet_3_5_2_clock_ctrl.core_clk (net)
                  0.19    0.00   23.34 v chip_core/clkbuf_4_10_0_clock_ctrl.core_clk/I (gf180mcu_fd_sc_mcu7t5v0__clkbuf_8)
     2    0.07    0.20    0.35   23.69 v chip_core/clkbuf_4_10_0_clock_ctrl.core_clk/Z (gf180mcu_fd_sc_mcu7t5v0__clkbuf_8)
                                         chip_core/clknet_4_10_0_clock_ctrl.core_clk (net)
                  0.20    0.00   23.69 v chip_core/clkbuf_5_21_0_clock_ctrl.core_clk/I (gf180mcu_fd_sc_mcu7t5v0__clkbuf_8)
     2    0.05    0.16    0.32   24.01 v chip_core/clkbuf_5_21_0_clock_ctrl.core_clk/Z (gf180mcu_fd_sc_mcu7t5v0__clkbuf_8)
                                         chip_core/clknet_5_21_0_clock_ctrl.core_clk (net)
                  0.16    0.00   24.01 v chip_core/clkbuf_6_43_0_clock_ctrl.core_clk/I (gf180mcu_fd_sc_mcu7t5v0__clkbuf_8)
     2    0.05    0.16    0.31   24.32 v chip_core/clkbuf_6_43_0_clock_ctrl.core_clk/Z (gf180mcu_fd_sc_mcu7t5v0__clkbuf_8)
                                         chip_core/clknet_6_43_0_clock_ctrl.core_clk (net)
                  0.16    0.00   24.32 v chip_core/clkbuf_7_87_0_clock_ctrl.core_clk/I (gf180mcu_fd_sc_mcu7t5v0__clkbuf_8)
    13    0.36    0.79    0.73   25.04 v chip_core/clkbuf_7_87_0_clock_ctrl.core_clk/Z (gf180mcu_fd_sc_mcu7t5v0__clkbuf_8)
                                         chip_core/clknet_7_87_0_clock_ctrl.core_clk (net)
                  0.79    0.01   25.06 v chip_core/clkbuf_leaf_1161_clock_ctrl.core_clk/I (gf180mcu_fd_sc_mcu7t5v0__clkbuf_20)
     3    0.02    0.10    0.40   25.45 v chip_core/clkbuf_leaf_1161_clock_ctrl.core_clk/Z (gf180mcu_fd_sc_mcu7t5v0__clkbuf_20)
                                         chip_core/clknet_leaf_1161_clock_ctrl.core_clk (net)
                  0.10    0.00   25.45 v chip_core/_37874_/CLKN (gf180mcu_fd_sc_mcu7t5v0__dffnsnq_4)
     3    0.08    0.34    1.07   26.52 v chip_core/_37874_/Q (gf180mcu_fd_sc_mcu7t5v0__dffnsnq_4)
                                         chip_core/clock_ctrl.reset_delay[0] (net)
                  0.34    0.00   26.52 v chip_core/max_length1744/I (gf180mcu_fd_sc_mcu7t5v0__buf_4)
     1    0.10    0.26    0.41   26.93 v chip_core/max_length1744/Z (gf180mcu_fd_sc_mcu7t5v0__buf_4)
                                         chip_core/net1744 (net)
                  0.26    0.01   26.94 v chip_core/wire1743/I (gf180mcu_fd_sc_mcu7t5v0__buf_8)
     6    0.05    0.11    0.27   27.21 v chip_core/wire1743/Z (gf180mcu_fd_sc_mcu7t5v0__buf_8)
                                         chip_core/net1743 (net)
                  0.11    0.00   27.21 v chip_core/wire1742/I (gf180mcu_fd_sc_mcu7t5v0__clkbuf_8)
     3    0.04    0.15    0.29   27.50 v chip_core/wire1742/Z (gf180mcu_fd_sc_mcu7t5v0__clkbuf_8)
                                         chip_core/net1742 (net)
                  0.15    0.00   27.50 v chip_core/wire1741/I (gf180mcu_fd_sc_mcu7t5v0__clkbuf_4)
     2    0.01    0.09    0.25   27.74 v chip_core/wire1741/Z (gf180mcu_fd_sc_mcu7t5v0__clkbuf_4)
                                         chip_core/net1741 (net)
                  0.09    0.00   27.74 v chip_core/mprj/j1a/input11/I (gf180mcu_fd_sc_mcu7t5v0__clkbuf_3)
     8    0.09    0.40    0.46   28.20 v chip_core/mprj/j1a/input11/Z (gf180mcu_fd_sc_mcu7t5v0__clkbuf_3)
                                         chip_core/mprj/j1a/net11 (net)
                  0.41    0.01   28.22 v chip_core/mprj/j1a/_39272_/I (gf180mcu_fd_sc_mcu7t5v0__buf_1)
     4    0.03    0.29    0.49   28.71 v chip_core/mprj/j1a/_39272_/Z (gf180mcu_fd_sc_mcu7t5v0__buf_1)
                                         chip_core/mprj/j1a/_17950_ (net)
                  0.29    0.00   28.71 v chip_core/mprj/j1a/_40484_/I (gf180mcu_fd_sc_mcu7t5v0__clkinv_1)
     1    0.01    0.21    0.19   28.90 ^ chip_core/mprj/j1a/_40484_/ZN (gf180mcu_fd_sc_mcu7t5v0__clkinv_1)
                                         chip_core/mprj/j1a/_00059_ (net)
                  0.21    0.00   28.90 ^ chip_core/mprj/j1a/_51892_/SETN (gf180mcu_fd_sc_mcu7t5v0__dffsnq_1)
                                 28.90   data arrival time

                         30.00   30.00   clock clk (rise edge)
                          0.00   30.00   clock source latency
     1    2.96    2.00    0.00   30.00 ^ clock (in)
                                         clock (net)
                  2.00    0.00   30.00 ^ padframe/mgmt_clock_input_pad/PAD (gf180mcu_fd_io__in_c)
     1    0.05    0.22    0.96   30.96 ^ padframe/mgmt_clock_input_pad/Y (gf180mcu_fd_io__in_c)
                                         clock_core (net)
                  0.22    0.00   30.96 ^ chip_core/input1/I (gf180mcu_fd_sc_mcu7t5v0__buf_20)
     1    0.07    0.11    0.19   31.15 ^ chip_core/input1/Z (gf180mcu_fd_sc_mcu7t5v0__buf_20)
                                         chip_core/net1 (net)
                  0.11    0.01   31.16 ^ chip_core/wire2130/I (gf180mcu_fd_sc_mcu7t5v0__buf_20)
     1    0.13    0.14    0.18   31.34 ^ chip_core/wire2130/Z (gf180mcu_fd_sc_mcu7t5v0__buf_20)
                                         chip_core/net2130 (net)
                  0.16    0.03   31.37 ^ chip_core/wire2129/I (gf180mcu_fd_sc_mcu7t5v0__buf_20)
     3    0.12    0.14    0.19   31.57 ^ chip_core/wire2129/Z (gf180mcu_fd_sc_mcu7t5v0__buf_20)
                                         chip_core/net2129 (net)
                  0.14    0.02   31.59 ^ chip_core/_21442_/A1 (gf180mcu_fd_sc_mcu7t5v0__oai211_4)
     2    0.03    0.27    0.18   31.77 v chip_core/_21442_/ZN (gf180mcu_fd_sc_mcu7t5v0__oai211_4)
                                         chip_core/_09463_ (net)
                  0.27    0.00   31.77 v chip_core/_21454_/A1 (gf180mcu_fd_sc_mcu7t5v0__nand2_2)
     1    0.29    2.51    1.45   33.22 ^ chip_core/_21454_/ZN (gf180mcu_fd_sc_mcu7t5v0__nand2_2)
                                         chip_core/clock_ctrl.core_clk (net)
                  2.52    0.09   33.31 ^ chip_core/clkbuf_0_clock_ctrl.core_clk/I (gf180mcu_fd_sc_mcu7t5v0__clkbuf_20)
     2    0.04    0.17    0.45   33.76 ^ chip_core/clkbuf_0_clock_ctrl.core_clk/Z (gf180mcu_fd_sc_mcu7t5v0__clkbuf_20)
                                         chip_core/clknet_0_clock_ctrl.core_clk (net)
                  0.17    0.00   33.76 ^ chip_core/clkbuf_1_0_0_clock_ctrl.core_clk/I (gf180mcu_fd_sc_mcu7t5v0__clkbuf_8)
     1    0.04    0.14    0.26   34.02 ^ chip_core/clkbuf_1_0_0_clock_ctrl.core_clk/Z (gf180mcu_fd_sc_mcu7t5v0__clkbuf_8)
                                         chip_core/clknet_1_0_0_clock_ctrl.core_clk (net)
                  0.14    0.00   34.02 ^ chip_core/clkbuf_1_0_1_clock_ctrl.core_clk/I (gf180mcu_fd_sc_mcu7t5v0__clkbuf_8)
     1    0.03    0.13    0.25   34.27 ^ chip_core/clkbuf_1_0_1_clock_ctrl.core_clk/Z (gf180mcu_fd_sc_mcu7t5v0__clkbuf_8)
                                         chip_core/clknet_1_0_1_clock_ctrl.core_clk (net)
                  0.13    0.00   34.27 ^ chip_core/clkbuf_1_0_2_clock_ctrl.core_clk/I (gf180mcu_fd_sc_mcu7t5v0__clkbuf_8)
     1    0.05    0.15    0.26   34.53 ^ chip_core/clkbuf_1_0_2_clock_ctrl.core_clk/Z (gf180mcu_fd_sc_mcu7t5v0__clkbuf_8)
                                         chip_core/clknet_1_0_2_clock_ctrl.core_clk (net)
                  0.15    0.00   34.54 ^ chip_core/clkbuf_1_0_3_clock_ctrl.core_clk/I (gf180mcu_fd_sc_mcu7t5v0__clkbuf_8)
     1    0.02    0.10    0.23   34.77 ^ chip_core/clkbuf_1_0_3_clock_ctrl.core_clk/Z (gf180mcu_fd_sc_mcu7t5v0__clkbuf_8)
                                         chip_core/clknet_1_0_3_clock_ctrl.core_clk (net)
                  0.10    0.00   34.77 ^ chip_core/clkbuf_1_0_4_clock_ctrl.core_clk/I (gf180mcu_fd_sc_mcu7t5v0__clkbuf_8)
     2    0.08    0.22    0.30   35.07 ^ chip_core/clkbuf_1_0_4_clock_ctrl.core_clk/Z (gf180mcu_fd_sc_mcu7t5v0__clkbuf_8)
                                         chip_core/clknet_1_0_4_clock_ctrl.core_clk (net)
                  0.22    0.01   35.07 ^ chip_core/clkbuf_2_1_0_clock_ctrl.core_clk/I (gf180mcu_fd_sc_mcu7t5v0__clkbuf_8)
     1    0.04    0.13    0.27   35.34 ^ chip_core/clkbuf_2_1_0_clock_ctrl.core_clk/Z (gf180mcu_fd_sc_mcu7t5v0__clkbuf_8)
                                         chip_core/clknet_2_1_0_clock_ctrl.core_clk (net)
                  0.13    0.00   35.34 ^ chip_core/clkbuf_2_1_1_clock_ctrl.core_clk/I (gf180mcu_fd_sc_mcu7t5v0__clkbuf_8)
     2    0.08    0.21    0.30   35.64 ^ chip_core/clkbuf_2_1_1_clock_ctrl.core_clk/Z (gf180mcu_fd_sc_mcu7t5v0__clkbuf_8)
                                         chip_core/clknet_2_1_1_clock_ctrl.core_clk (net)
                  0.21    0.00   35.64 ^ chip_core/clkbuf_3_2_0_clock_ctrl.core_clk/I (gf180mcu_fd_sc_mcu7t5v0__clkbuf_8)
     1    0.04    0.15    0.27   35.92 ^ chip_core/clkbuf_3_2_0_clock_ctrl.core_clk/Z (gf180mcu_fd_sc_mcu7t5v0__clkbuf_8)
                                         chip_core/clknet_3_2_0_clock_ctrl.core_clk (net)
                  0.15    0.00   35.92 ^ chip_core/clkbuf_3_2_1_clock_ctrl.core_clk/I (gf180mcu_fd_sc_mcu7t5v0__clkbuf_8)
     1    0.02    0.11    0.23   36.15 ^ chip_core/clkbuf_3_2_1_clock_ctrl.core_clk/Z (gf180mcu_fd_sc_mcu7t5v0__clkbuf_8)
                                         chip_core/clknet_3_2_1_clock_ctrl.core_clk (net)
                  0.11    0.00   36.15 ^ chip_core/clkbuf_3_2_2_clock_ctrl.core_clk/I (gf180mcu_fd_sc_mcu7t5v0__clkbuf_8)
     2    0.07    0.20    0.29   36.44 ^ chip_core/clkbuf_3_2_2_clock_ctrl.core_clk/Z (gf180mcu_fd_sc_mcu7t5v0__clkbuf_8)
                                         chip_core/clknet_3_2_2_clock_ctrl.core_clk (net)
                  0.20    0.00   36.44 ^ chip_core/clkbuf_4_5_0_clock_ctrl.core_clk/I (gf180mcu_fd_sc_mcu7t5v0__clkbuf_8)
     2    0.08    0.21    0.31   36.76 ^ chip_core/clkbuf_4_5_0_clock_ctrl.core_clk/Z (gf180mcu_fd_sc_mcu7t5v0__clkbuf_8)
                                         chip_core/clknet_4_5_0_clock_ctrl.core_clk (net)
                  0.21    0.00   36.76 ^ chip_core/clkbuf_5_10_0_clock_ctrl.core_clk/I (gf180mcu_fd_sc_mcu7t5v0__clkbuf_8)
     2    0.05    0.15    0.28   37.04 ^ chip_core/clkbuf_5_10_0_clock_ctrl.core_clk/Z (gf180mcu_fd_sc_mcu7t5v0__clkbuf_8)
                                         chip_core/clknet_5_10_0_clock_ctrl.core_clk (net)
                  0.15    0.00   37.04 ^ chip_core/clkbuf_6_21_0_clock_ctrl.core_clk/I (gf180mcu_fd_sc_mcu7t5v0__clkbuf_8)
     2    0.05    0.15    0.26   37.30 ^ chip_core/clkbuf_6_21_0_clock_ctrl.core_clk/Z (gf180mcu_fd_sc_mcu7t5v0__clkbuf_8)
                                         chip_core/clknet_6_21_0_clock_ctrl.core_clk (net)
                  0.15    0.00   37.30 ^ chip_core/clkbuf_7_42_0_clock_ctrl.core_clk/I (gf180mcu_fd_sc_mcu7t5v0__clkbuf_8)
     7    0.24    0.52    0.48   37.79 ^ chip_core/clkbuf_7_42_0_clock_ctrl.core_clk/Z (gf180mcu_fd_sc_mcu7t5v0__clkbuf_8)
                                         chip_core/clknet_7_42_0_clock_ctrl.core_clk (net)
                  0.52    0.00   37.79 ^ chip_core/clkbuf_opt_2_0_clock_ctrl.core_clk/I (gf180mcu_fd_sc_mcu7t5v0__clkbuf_20)
     1    0.04    0.11    0.30   38.09 ^ chip_core/clkbuf_opt_2_0_clock_ctrl.core_clk/Z (gf180mcu_fd_sc_mcu7t5v0__clkbuf_20)
                                         chip_core/clknet_opt_2_0_clock_ctrl.core_clk (net)
                  0.11    0.00   38.09 ^ chip_core/clkbuf_opt_2_1_clock_ctrl.core_clk/I (gf180mcu_fd_sc_mcu7t5v0__clkbuf_20)
     2    0.02    0.09    0.21   38.31 ^ chip_core/clkbuf_opt_2_1_clock_ctrl.core_clk/Z (gf180mcu_fd_sc_mcu7t5v0__clkbuf_20)
                                         chip_core/clknet_opt_2_1_clock_ctrl.core_clk (net)
                  0.09    0.00   38.31 ^ chip_core/mprj/j1a/clkbuf_0_boardClk/I (gf180mcu_fd_sc_mcu7t5v0__clkbuf_16)
     4    0.22    0.26    0.32   38.63 ^ chip_core/mprj/j1a/clkbuf_0_boardClk/Z (gf180mcu_fd_sc_mcu7t5v0__clkbuf_16)
                                         chip_core/mprj/j1a/clknet_0_boardClk (net)
                  0.26    0.02   38.65 ^ chip_core/mprj/j1a/clkbuf_1_0_0_boardClk/I (gf180mcu_fd_sc_mcu7t5v0__clkbuf_8)
     8    0.19    0.42    0.45   39.10 ^ chip_core/mprj/j1a/clkbuf_1_0_0_boardClk/Z (gf180mcu_fd_sc_mcu7t5v0__clkbuf_8)
                                         chip_core/mprj/j1a/clknet_1_0_0_boardClk (net)
                  0.42    0.01   39.11 ^ chip_core/mprj/j1a/clkbuf_3_0_0_boardClk/I (gf180mcu_fd_sc_mcu7t5v0__clkbuf_8)
    16    0.27    0.57    0.55   39.66 ^ chip_core/mprj/j1a/clkbuf_3_0_0_boardClk/Z (gf180mcu_fd_sc_mcu7t5v0__clkbuf_8)
                                         chip_core/mprj/j1a/clknet_3_0_0_boardClk (net)
                  0.57    0.02   39.69 ^ chip_core/mprj/j1a/clkbuf_6_1_0_boardClk/I (gf180mcu_fd_sc_mcu7t5v0__clkbuf_8)
     4    0.07    0.20    0.37   40.06 ^ chip_core/mprj/j1a/clkbuf_6_1_0_boardClk/Z (gf180mcu_fd_sc_mcu7t5v0__clkbuf_8)
                                         chip_core/mprj/j1a/clknet_6_1_0_boardClk (net)
                  0.20    0.00   40.06 ^ chip_core/mprj/j1a/clkbuf_7_2__f_boardClk/I (gf180mcu_fd_sc_mcu7t5v0__clkbuf_16)
    10    0.14    0.19    0.31   40.37 ^ chip_core/mprj/j1a/clkbuf_7_2__f_boardClk/Z (gf180mcu_fd_sc_mcu7t5v0__clkbuf_16)
                                         chip_core/mprj/j1a/clknet_7_2__leaf_boardClk (net)
                  0.19    0.00   40.37 ^ chip_core/mprj/j1a/clkbuf_leaf_6_boardClk/I (gf180mcu_fd_sc_mcu7t5v0__clkbuf_16)
     4    0.02    0.09    0.24   40.61 ^ chip_core/mprj/j1a/clkbuf_leaf_6_boardClk/Z (gf180mcu_fd_sc_mcu7t5v0__clkbuf_16)
                                         chip_core/mprj/j1a/clknet_leaf_6_boardClk (net)
                  0.09    0.00   40.61 ^ chip_core/mprj/j1a/_51892_/CLK (gf180mcu_fd_sc_mcu7t5v0__dffsnq_1)
                         -0.10   40.51   clock uncertainty
                          0.24   40.75   clock reconvergence pessimism
                          0.02   40.77   library recovery time
                                 40.77   data required time
-----------------------------------------------------------------------------
                                 40.77   data required time
                                -28.90   data arrival time
-----------------------------------------------------------------------------
                                 11.87   slack (MET)


Startpoint: chip_core/_37874_ (falling edge-triggered flip-flop clocked by clk)
Endpoint: chip_core/mprj/j1a/_52011_ (recovery check against rising-edge clock clk)
Path Group: asynchronous
Path Type: max

Fanout     Cap    Slew   Delay    Time   Description
-----------------------------------------------------------------------------
                         15.00   15.00   clock clk (fall edge)
                          0.00   15.00   clock source latency
     1    2.99    3.50    0.00   15.00 v clock (in)
                                         clock (net)
                  3.50    0.00   15.00 v padframe/mgmt_clock_input_pad/PAD (gf180mcu_fd_io__in_c)
     1    0.05    0.14    2.25   17.25 v padframe/mgmt_clock_input_pad/Y (gf180mcu_fd_io__in_c)
                                         clock_core (net)
                  0.14    0.00   17.25 v chip_core/input1/I (gf180mcu_fd_sc_mcu7t5v0__buf_20)
     1    0.07    0.09    0.21   17.47 v chip_core/input1/Z (gf180mcu_fd_sc_mcu7t5v0__buf_20)
                                         chip_core/net1 (net)
                  0.09    0.01   17.48 v chip_core/wire2130/I (gf180mcu_fd_sc_mcu7t5v0__buf_20)
     1    0.13    0.11    0.21   17.69 v chip_core/wire2130/Z (gf180mcu_fd_sc_mcu7t5v0__buf_20)
                                         chip_core/net2130 (net)
                  0.13    0.03   17.72 v chip_core/wire2129/I (gf180mcu_fd_sc_mcu7t5v0__buf_20)
     3    0.12    0.11    0.22   17.94 v chip_core/wire2129/Z (gf180mcu_fd_sc_mcu7t5v0__buf_20)
                                         chip_core/net2129 (net)
                  0.12    0.02   17.96 v chip_core/_21442_/A1 (gf180mcu_fd_sc_mcu7t5v0__oai211_4)
     2    0.03    0.44    0.31   18.27 ^ chip_core/_21442_/ZN (gf180mcu_fd_sc_mcu7t5v0__oai211_4)
                                         chip_core/_09463_ (net)
                  0.44    0.00   18.27 ^ chip_core/_21454_/A1 (gf180mcu_fd_sc_mcu7t5v0__nand2_2)
     1    0.29    2.09    1.36   19.63 v chip_core/_21454_/ZN (gf180mcu_fd_sc_mcu7t5v0__nand2_2)
                                         chip_core/clock_ctrl.core_clk (net)
                  2.10    0.09   19.72 v chip_core/clkbuf_0_clock_ctrl.core_clk/I (gf180mcu_fd_sc_mcu7t5v0__clkbuf_20)
     2    0.04    0.16    0.63   20.35 v chip_core/clkbuf_0_clock_ctrl.core_clk/Z (gf180mcu_fd_sc_mcu7t5v0__clkbuf_20)
                                         chip_core/clknet_0_clock_ctrl.core_clk (net)
                  0.16    0.00   20.35 v chip_core/clkbuf_1_1_0_clock_ctrl.core_clk/I (gf180mcu_fd_sc_mcu7t5v0__clkbuf_8)
     1    0.04    0.14    0.29   20.64 v chip_core/clkbuf_1_1_0_clock_ctrl.core_clk/Z (gf180mcu_fd_sc_mcu7t5v0__clkbuf_8)
                                         chip_core/clknet_1_1_0_clock_ctrl.core_clk (net)
                  0.14    0.00   20.65 v chip_core/clkbuf_1_1_1_clock_ctrl.core_clk/I (gf180mcu_fd_sc_mcu7t5v0__clkbuf_8)
     1    0.04    0.15    0.29   20.94 v chip_core/clkbuf_1_1_1_clock_ctrl.core_clk/Z (gf180mcu_fd_sc_mcu7t5v0__clkbuf_8)
                                         chip_core/clknet_1_1_1_clock_ctrl.core_clk (net)
                  0.15    0.00   20.94 v chip_core/clkbuf_1_1_2_clock_ctrl.core_clk/I (gf180mcu_fd_sc_mcu7t5v0__clkbuf_8)
     1    0.04    0.15    0.30   21.24 v chip_core/clkbuf_1_1_2_clock_ctrl.core_clk/Z (gf180mcu_fd_sc_mcu7t5v0__clkbuf_8)
                                         chip_core/clknet_1_1_2_clock_ctrl.core_clk (net)
                  0.15    0.00   21.24 v chip_core/clkbuf_1_1_3_clock_ctrl.core_clk/I (gf180mcu_fd_sc_mcu7t5v0__clkbuf_8)
     1    0.02    0.11    0.27   21.51 v chip_core/clkbuf_1_1_3_clock_ctrl.core_clk/Z (gf180mcu_fd_sc_mcu7t5v0__clkbuf_8)
                                         chip_core/clknet_1_1_3_clock_ctrl.core_clk (net)
                  0.11    0.00   21.51 v chip_core/clkbuf_1_1_4_clock_ctrl.core_clk/I (gf180mcu_fd_sc_mcu7t5v0__clkbuf_8)
     2    0.08    0.21    0.34   21.84 v chip_core/clkbuf_1_1_4_clock_ctrl.core_clk/Z (gf180mcu_fd_sc_mcu7t5v0__clkbuf_8)
                                         chip_core/clknet_1_1_4_clock_ctrl.core_clk (net)
                  0.21    0.00   21.84 v chip_core/clkbuf_2_2_0_clock_ctrl.core_clk/I (gf180mcu_fd_sc_mcu7t5v0__clkbuf_8)
     1    0.04    0.14    0.31   22.15 v chip_core/clkbuf_2_2_0_clock_ctrl.core_clk/Z (gf180mcu_fd_sc_mcu7t5v0__clkbuf_8)
                                         chip_core/clknet_2_2_0_clock_ctrl.core_clk (net)
                  0.14    0.00   22.15 v chip_core/clkbuf_2_2_1_clock_ctrl.core_clk/I (gf180mcu_fd_sc_mcu7t5v0__clkbuf_8)
     2    0.06    0.19    0.32   22.48 v chip_core/clkbuf_2_2_1_clock_ctrl.core_clk/Z (gf180mcu_fd_sc_mcu7t5v0__clkbuf_8)
                                         chip_core/clknet_2_2_1_clock_ctrl.core_clk (net)
                  0.19    0.00   22.48 v chip_core/clkbuf_3_5_0_clock_ctrl.core_clk/I (gf180mcu_fd_sc_mcu7t5v0__clkbuf_8)
     1    0.03    0.13    0.29   22.76 v chip_core/clkbuf_3_5_0_clock_ctrl.core_clk/Z (gf180mcu_fd_sc_mcu7t5v0__clkbuf_8)
                                         chip_core/clknet_3_5_0_clock_ctrl.core_clk (net)
                  0.13    0.00   22.77 v chip_core/clkbuf_3_5_1_clock_ctrl.core_clk/I (gf180mcu_fd_sc_mcu7t5v0__clkbuf_8)
     1    0.02    0.11    0.26   23.02 v chip_core/clkbuf_3_5_1_clock_ctrl.core_clk/Z (gf180mcu_fd_sc_mcu7t5v0__clkbuf_8)
                                         chip_core/clknet_3_5_1_clock_ctrl.core_clk (net)
                  0.11    0.00   23.02 v chip_core/clkbuf_3_5_2_clock_ctrl.core_clk/I (gf180mcu_fd_sc_mcu7t5v0__clkbuf_8)
     2    0.06    0.19    0.32   23.34 v chip_core/clkbuf_3_5_2_clock_ctrl.core_clk/Z (gf180mcu_fd_sc_mcu7t5v0__clkbuf_8)
                                         chip_core/clknet_3_5_2_clock_ctrl.core_clk (net)
                  0.19    0.00   23.34 v chip_core/clkbuf_4_10_0_clock_ctrl.core_clk/I (gf180mcu_fd_sc_mcu7t5v0__clkbuf_8)
     2    0.07    0.20    0.35   23.69 v chip_core/clkbuf_4_10_0_clock_ctrl.core_clk/Z (gf180mcu_fd_sc_mcu7t5v0__clkbuf_8)
                                         chip_core/clknet_4_10_0_clock_ctrl.core_clk (net)
                  0.20    0.00   23.69 v chip_core/clkbuf_5_21_0_clock_ctrl.core_clk/I (gf180mcu_fd_sc_mcu7t5v0__clkbuf_8)
     2    0.05    0.16    0.32   24.01 v chip_core/clkbuf_5_21_0_clock_ctrl.core_clk/Z (gf180mcu_fd_sc_mcu7t5v0__clkbuf_8)
                                         chip_core/clknet_5_21_0_clock_ctrl.core_clk (net)
                  0.16    0.00   24.01 v chip_core/clkbuf_6_43_0_clock_ctrl.core_clk/I (gf180mcu_fd_sc_mcu7t5v0__clkbuf_8)
     2    0.05    0.16    0.31   24.32 v chip_core/clkbuf_6_43_0_clock_ctrl.core_clk/Z (gf180mcu_fd_sc_mcu7t5v0__clkbuf_8)
                                         chip_core/clknet_6_43_0_clock_ctrl.core_clk (net)
                  0.16    0.00   24.32 v chip_core/clkbuf_7_87_0_clock_ctrl.core_clk/I (gf180mcu_fd_sc_mcu7t5v0__clkbuf_8)
    13    0.36    0.79    0.73   25.04 v chip_core/clkbuf_7_87_0_clock_ctrl.core_clk/Z (gf180mcu_fd_sc_mcu7t5v0__clkbuf_8)
                                         chip_core/clknet_7_87_0_clock_ctrl.core_clk (net)
                  0.79    0.01   25.06 v chip_core/clkbuf_leaf_1161_clock_ctrl.core_clk/I (gf180mcu_fd_sc_mcu7t5v0__clkbuf_20)
     3    0.02    0.10    0.40   25.45 v chip_core/clkbuf_leaf_1161_clock_ctrl.core_clk/Z (gf180mcu_fd_sc_mcu7t5v0__clkbuf_20)
                                         chip_core/clknet_leaf_1161_clock_ctrl.core_clk (net)
                  0.10    0.00   25.45 v chip_core/_37874_/CLKN (gf180mcu_fd_sc_mcu7t5v0__dffnsnq_4)
     3    0.08    0.34    1.07   26.52 v chip_core/_37874_/Q (gf180mcu_fd_sc_mcu7t5v0__dffnsnq_4)
                                         chip_core/clock_ctrl.reset_delay[0] (net)
                  0.34    0.00   26.52 v chip_core/max_length1744/I (gf180mcu_fd_sc_mcu7t5v0__buf_4)
     1    0.10    0.26    0.41   26.93 v chip_core/max_length1744/Z (gf180mcu_fd_sc_mcu7t5v0__buf_4)
                                         chip_core/net1744 (net)
                  0.26    0.01   26.94 v chip_core/wire1743/I (gf180mcu_fd_sc_mcu7t5v0__buf_8)
     6    0.05    0.11    0.27   27.21 v chip_core/wire1743/Z (gf180mcu_fd_sc_mcu7t5v0__buf_8)
                                         chip_core/net1743 (net)
                  0.11    0.00   27.21 v chip_core/wire1742/I (gf180mcu_fd_sc_mcu7t5v0__clkbuf_8)
     3    0.04    0.15    0.29   27.50 v chip_core/wire1742/Z (gf180mcu_fd_sc_mcu7t5v0__clkbuf_8)
                                         chip_core/net1742 (net)
                  0.15    0.00   27.50 v chip_core/wire1741/I (gf180mcu_fd_sc_mcu7t5v0__clkbuf_4)
     2    0.01    0.09    0.25   27.74 v chip_core/wire1741/Z (gf180mcu_fd_sc_mcu7t5v0__clkbuf_4)
                                         chip_core/net1741 (net)
                  0.09    0.00   27.74 v chip_core/mprj/j1a/input11/I (gf180mcu_fd_sc_mcu7t5v0__clkbuf_3)
     8    0.09    0.40    0.46   28.20 v chip_core/mprj/j1a/input11/Z (gf180mcu_fd_sc_mcu7t5v0__clkbuf_3)
                                         chip_core/mprj/j1a/net11 (net)
                  0.41    0.01   28.22 v chip_core/mprj/j1a/_39272_/I (gf180mcu_fd_sc_mcu7t5v0__buf_1)
     4    0.03    0.29    0.49   28.71 v chip_core/mprj/j1a/_39272_/Z (gf180mcu_fd_sc_mcu7t5v0__buf_1)
                                         chip_core/mprj/j1a/_17950_ (net)
                  0.29    0.00   28.71 v chip_core/mprj/j1a/_40779_/I (gf180mcu_fd_sc_mcu7t5v0__clkinv_1)
     1    0.01    0.20    0.19   28.90 ^ chip_core/mprj/j1a/_40779_/ZN (gf180mcu_fd_sc_mcu7t5v0__clkinv_1)
                                         chip_core/mprj/j1a/_00060_ (net)
                  0.20    0.00   28.90 ^ chip_core/mprj/j1a/_52011_/SETN (gf180mcu_fd_sc_mcu7t5v0__dffsnq_1)
                                 28.90   data arrival time

                         30.00   30.00   clock clk (rise edge)
                          0.00   30.00   clock source latency
     1    2.96    2.00    0.00   30.00 ^ clock (in)
                                         clock (net)
                  2.00    0.00   30.00 ^ padframe/mgmt_clock_input_pad/PAD (gf180mcu_fd_io__in_c)
     1    0.05    0.22    0.96   30.96 ^ padframe/mgmt_clock_input_pad/Y (gf180mcu_fd_io__in_c)
                                         clock_core (net)
                  0.22    0.00   30.96 ^ chip_core/input1/I (gf180mcu_fd_sc_mcu7t5v0__buf_20)
     1    0.07    0.11    0.19   31.15 ^ chip_core/input1/Z (gf180mcu_fd_sc_mcu7t5v0__buf_20)
                                         chip_core/net1 (net)
                  0.11    0.01   31.16 ^ chip_core/wire2130/I (gf180mcu_fd_sc_mcu7t5v0__buf_20)
     1    0.13    0.14    0.18   31.34 ^ chip_core/wire2130/Z (gf180mcu_fd_sc_mcu7t5v0__buf_20)
                                         chip_core/net2130 (net)
                  0.16    0.03   31.37 ^ chip_core/wire2129/I (gf180mcu_fd_sc_mcu7t5v0__buf_20)
     3    0.12    0.14    0.19   31.57 ^ chip_core/wire2129/Z (gf180mcu_fd_sc_mcu7t5v0__buf_20)
                                         chip_core/net2129 (net)
                  0.14    0.02   31.59 ^ chip_core/_21442_/A1 (gf180mcu_fd_sc_mcu7t5v0__oai211_4)
     2    0.03    0.27    0.18   31.77 v chip_core/_21442_/ZN (gf180mcu_fd_sc_mcu7t5v0__oai211_4)
                                         chip_core/_09463_ (net)
                  0.27    0.00   31.77 v chip_core/_21454_/A1 (gf180mcu_fd_sc_mcu7t5v0__nand2_2)
     1    0.29    2.51    1.45   33.22 ^ chip_core/_21454_/ZN (gf180mcu_fd_sc_mcu7t5v0__nand2_2)
                                         chip_core/clock_ctrl.core_clk (net)
                  2.52    0.09   33.31 ^ chip_core/clkbuf_0_clock_ctrl.core_clk/I (gf180mcu_fd_sc_mcu7t5v0__clkbuf_20)
     2    0.04    0.17    0.45   33.76 ^ chip_core/clkbuf_0_clock_ctrl.core_clk/Z (gf180mcu_fd_sc_mcu7t5v0__clkbuf_20)
                                         chip_core/clknet_0_clock_ctrl.core_clk (net)
                  0.17    0.00   33.76 ^ chip_core/clkbuf_1_0_0_clock_ctrl.core_clk/I (gf180mcu_fd_sc_mcu7t5v0__clkbuf_8)
     1    0.04    0.14    0.26   34.02 ^ chip_core/clkbuf_1_0_0_clock_ctrl.core_clk/Z (gf180mcu_fd_sc_mcu7t5v0__clkbuf_8)
                                         chip_core/clknet_1_0_0_clock_ctrl.core_clk (net)
                  0.14    0.00   34.02 ^ chip_core/clkbuf_1_0_1_clock_ctrl.core_clk/I (gf180mcu_fd_sc_mcu7t5v0__clkbuf_8)
     1    0.03    0.13    0.25   34.27 ^ chip_core/clkbuf_1_0_1_clock_ctrl.core_clk/Z (gf180mcu_fd_sc_mcu7t5v0__clkbuf_8)
                                         chip_core/clknet_1_0_1_clock_ctrl.core_clk (net)
                  0.13    0.00   34.27 ^ chip_core/clkbuf_1_0_2_clock_ctrl.core_clk/I (gf180mcu_fd_sc_mcu7t5v0__clkbuf_8)
     1    0.05    0.15    0.26   34.53 ^ chip_core/clkbuf_1_0_2_clock_ctrl.core_clk/Z (gf180mcu_fd_sc_mcu7t5v0__clkbuf_8)
                                         chip_core/clknet_1_0_2_clock_ctrl.core_clk (net)
                  0.15    0.00   34.54 ^ chip_core/clkbuf_1_0_3_clock_ctrl.core_clk/I (gf180mcu_fd_sc_mcu7t5v0__clkbuf_8)
     1    0.02    0.10    0.23   34.77 ^ chip_core/clkbuf_1_0_3_clock_ctrl.core_clk/Z (gf180mcu_fd_sc_mcu7t5v0__clkbuf_8)
                                         chip_core/clknet_1_0_3_clock_ctrl.core_clk (net)
                  0.10    0.00   34.77 ^ chip_core/clkbuf_1_0_4_clock_ctrl.core_clk/I (gf180mcu_fd_sc_mcu7t5v0__clkbuf_8)
     2    0.08    0.22    0.30   35.07 ^ chip_core/clkbuf_1_0_4_clock_ctrl.core_clk/Z (gf180mcu_fd_sc_mcu7t5v0__clkbuf_8)
                                         chip_core/clknet_1_0_4_clock_ctrl.core_clk (net)
                  0.22    0.01   35.07 ^ chip_core/clkbuf_2_1_0_clock_ctrl.core_clk/I (gf180mcu_fd_sc_mcu7t5v0__clkbuf_8)
     1    0.04    0.13    0.27   35.34 ^ chip_core/clkbuf_2_1_0_clock_ctrl.core_clk/Z (gf180mcu_fd_sc_mcu7t5v0__clkbuf_8)
                                         chip_core/clknet_2_1_0_clock_ctrl.core_clk (net)
                  0.13    0.00   35.34 ^ chip_core/clkbuf_2_1_1_clock_ctrl.core_clk/I (gf180mcu_fd_sc_mcu7t5v0__clkbuf_8)
     2    0.08    0.21    0.30   35.64 ^ chip_core/clkbuf_2_1_1_clock_ctrl.core_clk/Z (gf180mcu_fd_sc_mcu7t5v0__clkbuf_8)
                                         chip_core/clknet_2_1_1_clock_ctrl.core_clk (net)
                  0.21    0.00   35.64 ^ chip_core/clkbuf_3_2_0_clock_ctrl.core_clk/I (gf180mcu_fd_sc_mcu7t5v0__clkbuf_8)
     1    0.04    0.15    0.27   35.92 ^ chip_core/clkbuf_3_2_0_clock_ctrl.core_clk/Z (gf180mcu_fd_sc_mcu7t5v0__clkbuf_8)
                                         chip_core/clknet_3_2_0_clock_ctrl.core_clk (net)
                  0.15    0.00   35.92 ^ chip_core/clkbuf_3_2_1_clock_ctrl.core_clk/I (gf180mcu_fd_sc_mcu7t5v0__clkbuf_8)
     1    0.02    0.11    0.23   36.15 ^ chip_core/clkbuf_3_2_1_clock_ctrl.core_clk/Z (gf180mcu_fd_sc_mcu7t5v0__clkbuf_8)
                                         chip_core/clknet_3_2_1_clock_ctrl.core_clk (net)
                  0.11    0.00   36.15 ^ chip_core/clkbuf_3_2_2_clock_ctrl.core_clk/I (gf180mcu_fd_sc_mcu7t5v0__clkbuf_8)
     2    0.07    0.20    0.29   36.44 ^ chip_core/clkbuf_3_2_2_clock_ctrl.core_clk/Z (gf180mcu_fd_sc_mcu7t5v0__clkbuf_8)
                                         chip_core/clknet_3_2_2_clock_ctrl.core_clk (net)
                  0.20    0.00   36.44 ^ chip_core/clkbuf_4_5_0_clock_ctrl.core_clk/I (gf180mcu_fd_sc_mcu7t5v0__clkbuf_8)
     2    0.08    0.21    0.31   36.76 ^ chip_core/clkbuf_4_5_0_clock_ctrl.core_clk/Z (gf180mcu_fd_sc_mcu7t5v0__clkbuf_8)
                                         chip_core/clknet_4_5_0_clock_ctrl.core_clk (net)
                  0.21    0.00   36.76 ^ chip_core/clkbuf_5_10_0_clock_ctrl.core_clk/I (gf180mcu_fd_sc_mcu7t5v0__clkbuf_8)
     2    0.05    0.15    0.28   37.04 ^ chip_core/clkbuf_5_10_0_clock_ctrl.core_clk/Z (gf180mcu_fd_sc_mcu7t5v0__clkbuf_8)
                                         chip_core/clknet_5_10_0_clock_ctrl.core_clk (net)
                  0.15    0.00   37.04 ^ chip_core/clkbuf_6_21_0_clock_ctrl.core_clk/I (gf180mcu_fd_sc_mcu7t5v0__clkbuf_8)
     2    0.05    0.15    0.26   37.30 ^ chip_core/clkbuf_6_21_0_clock_ctrl.core_clk/Z (gf180mcu_fd_sc_mcu7t5v0__clkbuf_8)
                                         chip_core/clknet_6_21_0_clock_ctrl.core_clk (net)
                  0.15    0.00   37.30 ^ chip_core/clkbuf_7_42_0_clock_ctrl.core_clk/I (gf180mcu_fd_sc_mcu7t5v0__clkbuf_8)
     7    0.24    0.52    0.48   37.79 ^ chip_core/clkbuf_7_42_0_clock_ctrl.core_clk/Z (gf180mcu_fd_sc_mcu7t5v0__clkbuf_8)
                                         chip_core/clknet_7_42_0_clock_ctrl.core_clk (net)
                  0.52    0.00   37.79 ^ chip_core/clkbuf_opt_2_0_clock_ctrl.core_clk/I (gf180mcu_fd_sc_mcu7t5v0__clkbuf_20)
     1    0.04    0.11    0.30   38.09 ^ chip_core/clkbuf_opt_2_0_clock_ctrl.core_clk/Z (gf180mcu_fd_sc_mcu7t5v0__clkbuf_20)
                                         chip_core/clknet_opt_2_0_clock_ctrl.core_clk (net)
                  0.11    0.00   38.09 ^ chip_core/clkbuf_opt_2_1_clock_ctrl.core_clk/I (gf180mcu_fd_sc_mcu7t5v0__clkbuf_20)
     2    0.02    0.09    0.21   38.31 ^ chip_core/clkbuf_opt_2_1_clock_ctrl.core_clk/Z (gf180mcu_fd_sc_mcu7t5v0__clkbuf_20)
                                         chip_core/clknet_opt_2_1_clock_ctrl.core_clk (net)
                  0.09    0.00   38.31 ^ chip_core/mprj/j1a/clkbuf_0_boardClk/I (gf180mcu_fd_sc_mcu7t5v0__clkbuf_16)
     4    0.22    0.26    0.32   38.63 ^ chip_core/mprj/j1a/clkbuf_0_boardClk/Z (gf180mcu_fd_sc_mcu7t5v0__clkbuf_16)
                                         chip_core/mprj/j1a/clknet_0_boardClk (net)
                  0.26    0.02   38.65 ^ chip_core/mprj/j1a/clkbuf_1_0_0_boardClk/I (gf180mcu_fd_sc_mcu7t5v0__clkbuf_8)
     8    0.19    0.42    0.45   39.10 ^ chip_core/mprj/j1a/clkbuf_1_0_0_boardClk/Z (gf180mcu_fd_sc_mcu7t5v0__clkbuf_8)
                                         chip_core/mprj/j1a/clknet_1_0_0_boardClk (net)
                  0.42    0.01   39.11 ^ chip_core/mprj/j1a/clkbuf_3_0_0_boardClk/I (gf180mcu_fd_sc_mcu7t5v0__clkbuf_8)
    16    0.27    0.57    0.55   39.66 ^ chip_core/mprj/j1a/clkbuf_3_0_0_boardClk/Z (gf180mcu_fd_sc_mcu7t5v0__clkbuf_8)
                                         chip_core/mprj/j1a/clknet_3_0_0_boardClk (net)
                  0.57    0.02   39.69 ^ chip_core/mprj/j1a/clkbuf_6_1_0_boardClk/I (gf180mcu_fd_sc_mcu7t5v0__clkbuf_8)
     4    0.07    0.20    0.37   40.06 ^ chip_core/mprj/j1a/clkbuf_6_1_0_boardClk/Z (gf180mcu_fd_sc_mcu7t5v0__clkbuf_8)
                                         chip_core/mprj/j1a/clknet_6_1_0_boardClk (net)
                  0.20    0.00   40.06 ^ chip_core/mprj/j1a/clkbuf_7_2__f_boardClk/I (gf180mcu_fd_sc_mcu7t5v0__clkbuf_16)
    10    0.14    0.19    0.31   40.37 ^ chip_core/mprj/j1a/clkbuf_7_2__f_boardClk/Z (gf180mcu_fd_sc_mcu7t5v0__clkbuf_16)
                                         chip_core/mprj/j1a/clknet_7_2__leaf_boardClk (net)
                  0.19    0.00   40.37 ^ chip_core/mprj/j1a/clkbuf_leaf_6_boardClk/I (gf180mcu_fd_sc_mcu7t5v0__clkbuf_16)
     4    0.02    0.09    0.24   40.61 ^ chip_core/mprj/j1a/clkbuf_leaf_6_boardClk/Z (gf180mcu_fd_sc_mcu7t5v0__clkbuf_16)
                                         chip_core/mprj/j1a/clknet_leaf_6_boardClk (net)
                  0.09    0.00   40.61 ^ chip_core/mprj/j1a/_52011_/CLK (gf180mcu_fd_sc_mcu7t5v0__dffsnq_1)
                         -0.10   40.51   clock uncertainty
                          0.24   40.75   clock reconvergence pessimism
                          0.02   40.77   library recovery time
                                 40.77   data required time
-----------------------------------------------------------------------------
                                 40.77   data required time
                                -28.90   data arrival time
-----------------------------------------------------------------------------
                                 11.87   slack (MET)


min:
reg-reg: 0/0
reg-output: 0/0
input-reg: 0/0
input-output: 0/0
max:
reg-reg: 0/2
reg-output: 0/0
input-reg: 0/0
input-output: 0/0
