-------------------------------------------------------------------------------------------------
SUMMARY
-------------------------------------------------------------------------------------------------

 corner|     min delay |  min reg2reg |    max delay |  max reg2reg |      max cap |     max slew
-------------------------------------------------------------------------------------------------
  t-nom|           met |          met |          met |          met |   vio(-0.00) |          met

violating reg2reg min reports


violating reg2reg max reports


--------------------------------------------------------------------------------------------
COMMAND
--------------------------------------------------------------------------------------------

exec> report_check_types \
        -max_slew \
        -max_capacitance \
        -recovery \
        -removal \
        -format end \
        -violators
design: caravel
time: Sun Dec 10 16:14:29 UTC 2023

--------------------------------------------------------------------------------------------
REPORT
--------------------------------------------------------------------------------------------


max capacitance

Pin                                    Limit     Cap   Slack
------------------------------------------------------------
chip_core/mprj/j1a/_34627_/ZN           0.25    0.25   -0.00 (VIOLATED)

