-------------------------------------------------------------------------------------------------
SUMMARY
-------------------------------------------------------------------------------------------------

 corner|     min delay |  min reg2reg |    max delay |  max reg2reg |      max cap |     max slew
-------------------------------------------------------------------------------------------------
  s-nom|           met |          met |          met |          met |   vio(-0.01) |   vio(-0.34)

violating reg2reg min reports


violating reg2reg max reports


--------------------------------------------------------------------------------------------
COMMAND
--------------------------------------------------------------------------------------------

exec> report_check_types \
        -max_slew \
        -max_capacitance \
        -recovery \
        -removal \
        -format end \
        -violators
design: caravel
time: Sun Dec 10 16:15:26 UTC 2023

--------------------------------------------------------------------------------------------
REPORT
--------------------------------------------------------------------------------------------


max slew

Pin                                    Limit    Slew   Slack
------------------------------------------------------------
chip_core/mprj/j1a/_26305_/A1           7.00    7.34   -0.34 (VIOLATED)
chip_core/mprj/j1a/ANTENNA__26305__A1/I    7.00    7.34   -0.34 (VIOLATED)
chip_core/mprj/j1a/_26297_/ZN           7.00    7.34   -0.34 (VIOLATED)
chip_core/mprj/j1a/_35432_/A1           7.00    7.25   -0.25 (VIOLATED)
chip_core/mprj/j1a/ANTENNA__35432__A1/I    7.00    7.25   -0.25 (VIOLATED)
chip_core/mprj/j1a/_35426_/ZN           7.00    7.25   -0.25 (VIOLATED)

max capacitance

Pin                                    Limit     Cap   Slack
------------------------------------------------------------
chip_core/mprj/j1a/_34627_/ZN           0.24    0.25   -0.01 (VIOLATED)

