--------------------------------------------------------------------------------------------
COMMAND
--------------------------------------------------------------------------------------------

exec> report_checks \
        -path_delay min \
        -through _6092f70500000000_p_Instance \
        -format full_clock_expanded \
        -fields {slew cap input_pins nets fanout} \
        -no_line_splits \
        -group_count 1000 \
        -slack_max 40 \
        -digits 2 \
        -unique_paths_to_endpoint \
        
design: caravel
time: Sun Dec 10 01:34:01 UTC 2023

--------------------------------------------------------------------------------------------
REPORT
--------------------------------------------------------------------------------------------

Startpoint: chip_core/_37874_ (falling edge-triggered flip-flop clocked by clk)
Endpoint: chip_core/mprj/j1a/_51724_ (removal check against rising-edge clock clk)
Path Group: asynchronous
Path Type: min

Fanout     Cap    Slew   Delay    Time   Description
-----------------------------------------------------------------------------
                         15.00   15.00   clock clk (fall edge)
                          0.00   15.00   clock source latency
     1    2.87    2.00    0.00   15.00 v clock (in)
                                         clock (net)
                  2.00    0.00   15.00 v padframe/mgmt_clock_input_pad/PAD (gf180mcu_fd_io__in_c)
     1    0.05    0.10    1.26   16.26 v padframe/mgmt_clock_input_pad/Y (gf180mcu_fd_io__in_c)
                                         clock_core (net)
                  0.10    0.00   16.26 v chip_core/input1/I (gf180mcu_fd_sc_mcu7t5v0__buf_20)
     1    0.07    0.06    0.13   16.39 v chip_core/input1/Z (gf180mcu_fd_sc_mcu7t5v0__buf_20)
                                         chip_core/net1 (net)
                  0.06    0.01   16.40 v chip_core/wire2130/I (gf180mcu_fd_sc_mcu7t5v0__buf_20)
     1    0.13    0.07    0.12   16.52 v chip_core/wire2130/Z (gf180mcu_fd_sc_mcu7t5v0__buf_20)
                                         chip_core/net2130 (net)
                  0.10    0.03   16.55 v chip_core/wire2129/I (gf180mcu_fd_sc_mcu7t5v0__buf_20)
     3    0.12    0.07    0.14   16.68 v chip_core/wire2129/Z (gf180mcu_fd_sc_mcu7t5v0__buf_20)
                                         chip_core/net2129 (net)
                  0.09    0.02   16.70 v chip_core/_21442_/A1 (gf180mcu_fd_sc_mcu7t5v0__oai211_4)
     2    0.03    0.27    0.17   16.88 ^ chip_core/_21442_/ZN (gf180mcu_fd_sc_mcu7t5v0__oai211_4)
                                         chip_core/_09463_ (net)
                  0.27    0.00   16.88 ^ chip_core/_21454_/A1 (gf180mcu_fd_sc_mcu7t5v0__nand2_2)
     1    0.29    1.34    0.79   17.67 v chip_core/_21454_/ZN (gf180mcu_fd_sc_mcu7t5v0__nand2_2)
                                         chip_core/clock_ctrl.core_clk (net)
                  1.36    0.09   17.75 v chip_core/clkbuf_0_clock_ctrl.core_clk/I (gf180mcu_fd_sc_mcu7t5v0__clkbuf_20)
     2    0.04    0.10    0.37   18.12 v chip_core/clkbuf_0_clock_ctrl.core_clk/Z (gf180mcu_fd_sc_mcu7t5v0__clkbuf_20)
                                         chip_core/clknet_0_clock_ctrl.core_clk (net)
                  0.10    0.00   18.12 v chip_core/clkbuf_1_1_0_clock_ctrl.core_clk/I (gf180mcu_fd_sc_mcu7t5v0__clkbuf_8)
     1    0.04    0.09    0.18   18.30 v chip_core/clkbuf_1_1_0_clock_ctrl.core_clk/Z (gf180mcu_fd_sc_mcu7t5v0__clkbuf_8)
                                         chip_core/clknet_1_1_0_clock_ctrl.core_clk (net)
                  0.09    0.00   18.30 v chip_core/clkbuf_1_1_1_clock_ctrl.core_clk/I (gf180mcu_fd_sc_mcu7t5v0__clkbuf_8)
     1    0.04    0.09    0.17   18.47 v chip_core/clkbuf_1_1_1_clock_ctrl.core_clk/Z (gf180mcu_fd_sc_mcu7t5v0__clkbuf_8)
                                         chip_core/clknet_1_1_1_clock_ctrl.core_clk (net)
                  0.09    0.00   18.47 v chip_core/clkbuf_1_1_2_clock_ctrl.core_clk/I (gf180mcu_fd_sc_mcu7t5v0__clkbuf_8)
     1    0.04    0.10    0.18   18.65 v chip_core/clkbuf_1_1_2_clock_ctrl.core_clk/Z (gf180mcu_fd_sc_mcu7t5v0__clkbuf_8)
                                         chip_core/clknet_1_1_2_clock_ctrl.core_clk (net)
                  0.10    0.00   18.65 v chip_core/clkbuf_1_1_3_clock_ctrl.core_clk/I (gf180mcu_fd_sc_mcu7t5v0__clkbuf_8)
     1    0.02    0.07    0.16   18.81 v chip_core/clkbuf_1_1_3_clock_ctrl.core_clk/Z (gf180mcu_fd_sc_mcu7t5v0__clkbuf_8)
                                         chip_core/clknet_1_1_3_clock_ctrl.core_clk (net)
                  0.07    0.00   18.81 v chip_core/clkbuf_1_1_4_clock_ctrl.core_clk/I (gf180mcu_fd_sc_mcu7t5v0__clkbuf_8)
     2    0.08    0.14    0.20   19.01 v chip_core/clkbuf_1_1_4_clock_ctrl.core_clk/Z (gf180mcu_fd_sc_mcu7t5v0__clkbuf_8)
                                         chip_core/clknet_1_1_4_clock_ctrl.core_clk (net)
                  0.14    0.00   19.01 v chip_core/clkbuf_2_2_0_clock_ctrl.core_clk/I (gf180mcu_fd_sc_mcu7t5v0__clkbuf_8)
     1    0.04    0.09    0.18   19.19 v chip_core/clkbuf_2_2_0_clock_ctrl.core_clk/Z (gf180mcu_fd_sc_mcu7t5v0__clkbuf_8)
                                         chip_core/clknet_2_2_0_clock_ctrl.core_clk (net)
                  0.09    0.00   19.20 v chip_core/clkbuf_2_2_1_clock_ctrl.core_clk/I (gf180mcu_fd_sc_mcu7t5v0__clkbuf_8)
     2    0.06    0.12    0.19   19.39 v chip_core/clkbuf_2_2_1_clock_ctrl.core_clk/Z (gf180mcu_fd_sc_mcu7t5v0__clkbuf_8)
                                         chip_core/clknet_2_2_1_clock_ctrl.core_clk (net)
                  0.12    0.00   19.39 v chip_core/clkbuf_3_5_0_clock_ctrl.core_clk/I (gf180mcu_fd_sc_mcu7t5v0__clkbuf_8)
     1    0.03    0.08    0.17   19.56 v chip_core/clkbuf_3_5_0_clock_ctrl.core_clk/Z (gf180mcu_fd_sc_mcu7t5v0__clkbuf_8)
                                         chip_core/clknet_3_5_0_clock_ctrl.core_clk (net)
                  0.08    0.00   19.56 v chip_core/clkbuf_3_5_1_clock_ctrl.core_clk/I (gf180mcu_fd_sc_mcu7t5v0__clkbuf_8)
     1    0.02    0.07    0.15   19.71 v chip_core/clkbuf_3_5_1_clock_ctrl.core_clk/Z (gf180mcu_fd_sc_mcu7t5v0__clkbuf_8)
                                         chip_core/clknet_3_5_1_clock_ctrl.core_clk (net)
                  0.07    0.00   19.71 v chip_core/clkbuf_3_5_2_clock_ctrl.core_clk/I (gf180mcu_fd_sc_mcu7t5v0__clkbuf_8)
     2    0.06    0.12    0.19   19.90 v chip_core/clkbuf_3_5_2_clock_ctrl.core_clk/Z (gf180mcu_fd_sc_mcu7t5v0__clkbuf_8)
                                         chip_core/clknet_3_5_2_clock_ctrl.core_clk (net)
                  0.12    0.00   19.90 v chip_core/clkbuf_4_10_0_clock_ctrl.core_clk/I (gf180mcu_fd_sc_mcu7t5v0__clkbuf_8)
     2    0.07    0.13    0.21   20.11 v chip_core/clkbuf_4_10_0_clock_ctrl.core_clk/Z (gf180mcu_fd_sc_mcu7t5v0__clkbuf_8)
                                         chip_core/clknet_4_10_0_clock_ctrl.core_clk (net)
                  0.13    0.00   20.11 v chip_core/clkbuf_5_21_0_clock_ctrl.core_clk/I (gf180mcu_fd_sc_mcu7t5v0__clkbuf_8)
     2    0.05    0.10    0.19   20.30 v chip_core/clkbuf_5_21_0_clock_ctrl.core_clk/Z (gf180mcu_fd_sc_mcu7t5v0__clkbuf_8)
                                         chip_core/clknet_5_21_0_clock_ctrl.core_clk (net)
                  0.10    0.00   20.30 v chip_core/clkbuf_6_43_0_clock_ctrl.core_clk/I (gf180mcu_fd_sc_mcu7t5v0__clkbuf_8)
     2    0.05    0.10    0.18   20.48 v chip_core/clkbuf_6_43_0_clock_ctrl.core_clk/Z (gf180mcu_fd_sc_mcu7t5v0__clkbuf_8)
                                         chip_core/clknet_6_43_0_clock_ctrl.core_clk (net)
                  0.10    0.00   20.48 v chip_core/clkbuf_7_87_0_clock_ctrl.core_clk/I (gf180mcu_fd_sc_mcu7t5v0__clkbuf_8)
    13    0.36    0.52    0.44   20.92 v chip_core/clkbuf_7_87_0_clock_ctrl.core_clk/Z (gf180mcu_fd_sc_mcu7t5v0__clkbuf_8)
                                         chip_core/clknet_7_87_0_clock_ctrl.core_clk (net)
                  0.52    0.01   20.93 v chip_core/clkbuf_leaf_1161_clock_ctrl.core_clk/I (gf180mcu_fd_sc_mcu7t5v0__clkbuf_20)
     3    0.02    0.07    0.24   21.17 v chip_core/clkbuf_leaf_1161_clock_ctrl.core_clk/Z (gf180mcu_fd_sc_mcu7t5v0__clkbuf_20)
                                         chip_core/clknet_leaf_1161_clock_ctrl.core_clk (net)
                  0.07    0.00   21.17 v chip_core/_37874_/CLKN (gf180mcu_fd_sc_mcu7t5v0__dffnsnq_4)
     3    0.08    0.22    0.62   21.79 v chip_core/_37874_/Q (gf180mcu_fd_sc_mcu7t5v0__dffnsnq_4)
                                         chip_core/clock_ctrl.reset_delay[0] (net)
                  0.22    0.00   21.79 v chip_core/max_length1744/I (gf180mcu_fd_sc_mcu7t5v0__buf_4)
     1    0.10    0.17    0.25   22.04 v chip_core/max_length1744/Z (gf180mcu_fd_sc_mcu7t5v0__buf_4)
                                         chip_core/net1744 (net)
                  0.17    0.01   22.05 v chip_core/wire1743/I (gf180mcu_fd_sc_mcu7t5v0__buf_8)
     6    0.05    0.07    0.16   22.21 v chip_core/wire1743/Z (gf180mcu_fd_sc_mcu7t5v0__buf_8)
                                         chip_core/net1743 (net)
                  0.07    0.00   22.21 v chip_core/wire1742/I (gf180mcu_fd_sc_mcu7t5v0__clkbuf_8)
     3    0.04    0.09    0.17   22.38 v chip_core/wire1742/Z (gf180mcu_fd_sc_mcu7t5v0__clkbuf_8)
                                         chip_core/net1742 (net)
                  0.09    0.00   22.38 v chip_core/wire1741/I (gf180mcu_fd_sc_mcu7t5v0__clkbuf_4)
     2    0.01    0.06    0.15   22.52 v chip_core/wire1741/Z (gf180mcu_fd_sc_mcu7t5v0__clkbuf_4)
                                         chip_core/net1741 (net)
                  0.06    0.00   22.52 v chip_core/mprj/j1a/input11/I (gf180mcu_fd_sc_mcu7t5v0__clkbuf_3)
     8    0.09    0.25    0.27   22.79 v chip_core/mprj/j1a/input11/Z (gf180mcu_fd_sc_mcu7t5v0__clkbuf_3)
                                         chip_core/mprj/j1a/net11 (net)
                  0.25    0.01   22.80 v chip_core/mprj/j1a/_38974_/I (gf180mcu_fd_sc_mcu7t5v0__buf_1)
     4    0.03    0.24    0.32   23.13 v chip_core/mprj/j1a/_38974_/Z (gf180mcu_fd_sc_mcu7t5v0__buf_1)
                                         chip_core/mprj/j1a/_17776_ (net)
                  0.24    0.00   23.13 v chip_core/mprj/j1a/_40311_/I (gf180mcu_fd_sc_mcu7t5v0__clkinv_1)
     1    0.01    0.15    0.13   23.25 ^ chip_core/mprj/j1a/_40311_/ZN (gf180mcu_fd_sc_mcu7t5v0__clkinv_1)
                                         chip_core/mprj/j1a/_00059_ (net)
                  0.15    0.00   23.25 ^ chip_core/mprj/j1a/_51724_/SETN (gf180mcu_fd_sc_mcu7t5v0__dffsnq_1)
                                 23.25   data arrival time

                          0.00    0.00   clock clk (rise edge)
                          0.00    0.00   clock source latency
     1    2.86    3.50    0.00    0.00 ^ clock (in)
                                         clock (net)
                  3.50    0.00    0.00 ^ padframe/mgmt_clock_input_pad/PAD (gf180mcu_fd_io__in_c)
     1    0.05    0.15    0.43    0.43 ^ padframe/mgmt_clock_input_pad/Y (gf180mcu_fd_io__in_c)
                                         clock_core (net)
                  0.15    0.00    0.43 ^ chip_core/input1/I (gf180mcu_fd_sc_mcu7t5v0__buf_20)
     1    0.07    0.07    0.13    0.56 ^ chip_core/input1/Z (gf180mcu_fd_sc_mcu7t5v0__buf_20)
                                         chip_core/net1 (net)
                  0.07    0.01    0.57 ^ chip_core/wire2130/I (gf180mcu_fd_sc_mcu7t5v0__buf_20)
     1    0.13    0.09    0.12    0.69 ^ chip_core/wire2130/Z (gf180mcu_fd_sc_mcu7t5v0__buf_20)
                                         chip_core/net2130 (net)
                  0.11    0.03    0.72 ^ chip_core/wire2129/I (gf180mcu_fd_sc_mcu7t5v0__buf_20)
     3    0.12    0.09    0.13    0.85 ^ chip_core/wire2129/Z (gf180mcu_fd_sc_mcu7t5v0__buf_20)
                                         chip_core/net2129 (net)
                  0.10    0.02    0.88 ^ chip_core/_21442_/A1 (gf180mcu_fd_sc_mcu7t5v0__oai211_4)
     2    0.03    0.16    0.12    1.00 v chip_core/_21442_/ZN (gf180mcu_fd_sc_mcu7t5v0__oai211_4)
                                         chip_core/_09463_ (net)
                  0.16    0.00    1.00 v chip_core/_21454_/A1 (gf180mcu_fd_sc_mcu7t5v0__nand2_2)
     1    0.29    1.66    1.03    2.03 ^ chip_core/_21454_/ZN (gf180mcu_fd_sc_mcu7t5v0__nand2_2)
                                         chip_core/clock_ctrl.core_clk (net)
                  1.67    0.09    2.12 ^ chip_core/clkbuf_0_clock_ctrl.core_clk/I (gf180mcu_fd_sc_mcu7t5v0__clkbuf_20)
     2    0.04    0.11    0.32    2.45 ^ chip_core/clkbuf_0_clock_ctrl.core_clk/Z (gf180mcu_fd_sc_mcu7t5v0__clkbuf_20)
                                         chip_core/clknet_0_clock_ctrl.core_clk (net)
                  0.11    0.00    2.45 ^ chip_core/clkbuf_1_0_0_clock_ctrl.core_clk/I (gf180mcu_fd_sc_mcu7t5v0__clkbuf_8)
     1    0.04    0.09    0.18    2.63 ^ chip_core/clkbuf_1_0_0_clock_ctrl.core_clk/Z (gf180mcu_fd_sc_mcu7t5v0__clkbuf_8)
                                         chip_core/clknet_1_0_0_clock_ctrl.core_clk (net)
                  0.09    0.00    2.63 ^ chip_core/clkbuf_1_0_1_clock_ctrl.core_clk/I (gf180mcu_fd_sc_mcu7t5v0__clkbuf_8)
     1    0.03    0.08    0.17    2.80 ^ chip_core/clkbuf_1_0_1_clock_ctrl.core_clk/Z (gf180mcu_fd_sc_mcu7t5v0__clkbuf_8)
                                         chip_core/clknet_1_0_1_clock_ctrl.core_clk (net)
                  0.08    0.00    2.81 ^ chip_core/clkbuf_1_0_2_clock_ctrl.core_clk/I (gf180mcu_fd_sc_mcu7t5v0__clkbuf_8)
     1    0.05    0.10    0.18    2.99 ^ chip_core/clkbuf_1_0_2_clock_ctrl.core_clk/Z (gf180mcu_fd_sc_mcu7t5v0__clkbuf_8)
                                         chip_core/clknet_1_0_2_clock_ctrl.core_clk (net)
                  0.10    0.00    2.99 ^ chip_core/clkbuf_1_0_3_clock_ctrl.core_clk/I (gf180mcu_fd_sc_mcu7t5v0__clkbuf_8)
     1    0.02    0.07    0.16    3.15 ^ chip_core/clkbuf_1_0_3_clock_ctrl.core_clk/Z (gf180mcu_fd_sc_mcu7t5v0__clkbuf_8)
                                         chip_core/clknet_1_0_3_clock_ctrl.core_clk (net)
                  0.07    0.00    3.15 ^ chip_core/clkbuf_1_0_4_clock_ctrl.core_clk/I (gf180mcu_fd_sc_mcu7t5v0__clkbuf_8)
     2    0.08    0.14    0.21    3.36 ^ chip_core/clkbuf_1_0_4_clock_ctrl.core_clk/Z (gf180mcu_fd_sc_mcu7t5v0__clkbuf_8)
                                         chip_core/clknet_1_0_4_clock_ctrl.core_clk (net)
                  0.14    0.01    3.36 ^ chip_core/clkbuf_2_1_0_clock_ctrl.core_clk/I (gf180mcu_fd_sc_mcu7t5v0__clkbuf_8)
     1    0.04    0.09    0.18    3.55 ^ chip_core/clkbuf_2_1_0_clock_ctrl.core_clk/Z (gf180mcu_fd_sc_mcu7t5v0__clkbuf_8)
                                         chip_core/clknet_2_1_0_clock_ctrl.core_clk (net)
                  0.09    0.00    3.55 ^ chip_core/clkbuf_2_1_1_clock_ctrl.core_clk/I (gf180mcu_fd_sc_mcu7t5v0__clkbuf_8)
     2    0.08    0.14    0.21    3.76 ^ chip_core/clkbuf_2_1_1_clock_ctrl.core_clk/Z (gf180mcu_fd_sc_mcu7t5v0__clkbuf_8)
                                         chip_core/clknet_2_1_1_clock_ctrl.core_clk (net)
                  0.14    0.00    3.76 ^ chip_core/clkbuf_3_2_0_clock_ctrl.core_clk/I (gf180mcu_fd_sc_mcu7t5v0__clkbuf_8)
     1    0.04    0.09    0.19    3.95 ^ chip_core/clkbuf_3_2_0_clock_ctrl.core_clk/Z (gf180mcu_fd_sc_mcu7t5v0__clkbuf_8)
                                         chip_core/clknet_3_2_0_clock_ctrl.core_clk (net)
                  0.09    0.00    3.95 ^ chip_core/clkbuf_3_2_1_clock_ctrl.core_clk/I (gf180mcu_fd_sc_mcu7t5v0__clkbuf_8)
     1    0.02    0.07    0.16    4.11 ^ chip_core/clkbuf_3_2_1_clock_ctrl.core_clk/Z (gf180mcu_fd_sc_mcu7t5v0__clkbuf_8)
                                         chip_core/clknet_3_2_1_clock_ctrl.core_clk (net)
                  0.07    0.00    4.12 ^ chip_core/clkbuf_3_2_2_clock_ctrl.core_clk/I (gf180mcu_fd_sc_mcu7t5v0__clkbuf_8)
     2    0.07    0.13    0.20    4.32 ^ chip_core/clkbuf_3_2_2_clock_ctrl.core_clk/Z (gf180mcu_fd_sc_mcu7t5v0__clkbuf_8)
                                         chip_core/clknet_3_2_2_clock_ctrl.core_clk (net)
                  0.13    0.00    4.32 ^ chip_core/clkbuf_4_5_0_clock_ctrl.core_clk/I (gf180mcu_fd_sc_mcu7t5v0__clkbuf_8)
     2    0.08    0.13    0.22    4.54 ^ chip_core/clkbuf_4_5_0_clock_ctrl.core_clk/Z (gf180mcu_fd_sc_mcu7t5v0__clkbuf_8)
                                         chip_core/clknet_4_5_0_clock_ctrl.core_clk (net)
                  0.13    0.00    4.54 ^ chip_core/clkbuf_5_10_0_clock_ctrl.core_clk/I (gf180mcu_fd_sc_mcu7t5v0__clkbuf_8)
     2    0.05    0.10    0.19    4.73 ^ chip_core/clkbuf_5_10_0_clock_ctrl.core_clk/Z (gf180mcu_fd_sc_mcu7t5v0__clkbuf_8)
                                         chip_core/clknet_5_10_0_clock_ctrl.core_clk (net)
                  0.10    0.00    4.73 ^ chip_core/clkbuf_6_21_0_clock_ctrl.core_clk/I (gf180mcu_fd_sc_mcu7t5v0__clkbuf_8)
     2    0.05    0.10    0.18    4.92 ^ chip_core/clkbuf_6_21_0_clock_ctrl.core_clk/Z (gf180mcu_fd_sc_mcu7t5v0__clkbuf_8)
                                         chip_core/clknet_6_21_0_clock_ctrl.core_clk (net)
                  0.10    0.00    4.92 ^ chip_core/clkbuf_7_42_0_clock_ctrl.core_clk/I (gf180mcu_fd_sc_mcu7t5v0__clkbuf_8)
     7    0.24    0.34    0.34    5.26 ^ chip_core/clkbuf_7_42_0_clock_ctrl.core_clk/Z (gf180mcu_fd_sc_mcu7t5v0__clkbuf_8)
                                         chip_core/clknet_7_42_0_clock_ctrl.core_clk (net)
                  0.34    0.00    5.26 ^ chip_core/clkbuf_opt_2_0_clock_ctrl.core_clk/I (gf180mcu_fd_sc_mcu7t5v0__clkbuf_20)
     1    0.04    0.07    0.21    5.47 ^ chip_core/clkbuf_opt_2_0_clock_ctrl.core_clk/Z (gf180mcu_fd_sc_mcu7t5v0__clkbuf_20)
                                         chip_core/clknet_opt_2_0_clock_ctrl.core_clk (net)
                  0.07    0.00    5.47 ^ chip_core/clkbuf_opt_2_1_clock_ctrl.core_clk/I (gf180mcu_fd_sc_mcu7t5v0__clkbuf_20)
     2    0.02    0.06    0.15    5.62 ^ chip_core/clkbuf_opt_2_1_clock_ctrl.core_clk/Z (gf180mcu_fd_sc_mcu7t5v0__clkbuf_20)
                                         chip_core/clknet_opt_2_1_clock_ctrl.core_clk (net)
                  0.06    0.00    5.62 ^ chip_core/mprj/j1a/clkbuf_0_boardClk/I (gf180mcu_fd_sc_mcu7t5v0__clkbuf_16)
     4    0.24    0.18    0.23    5.85 ^ chip_core/mprj/j1a/clkbuf_0_boardClk/Z (gf180mcu_fd_sc_mcu7t5v0__clkbuf_16)
                                         chip_core/mprj/j1a/clknet_0_boardClk (net)
                  0.19    0.02    5.87 ^ chip_core/mprj/j1a/clkbuf_1_0_0_boardClk/I (gf180mcu_fd_sc_mcu7t5v0__clkbuf_8)
     8    0.27    0.38    0.38    6.25 ^ chip_core/mprj/j1a/clkbuf_1_0_0_boardClk/Z (gf180mcu_fd_sc_mcu7t5v0__clkbuf_8)
                                         chip_core/mprj/j1a/clknet_1_0_0_boardClk (net)
                  0.38    0.01    6.26 ^ chip_core/mprj/j1a/clkbuf_3_0_0_boardClk/I (gf180mcu_fd_sc_mcu7t5v0__clkbuf_8)
    32    0.42    0.57    0.52    6.78 ^ chip_core/mprj/j1a/clkbuf_3_0_0_boardClk/Z (gf180mcu_fd_sc_mcu7t5v0__clkbuf_8)
                                         chip_core/mprj/j1a/clknet_3_0_0_boardClk (net)
                  0.57    0.01    6.79 ^ chip_core/mprj/j1a/clkbuf_7_5_0_boardClk/I (gf180mcu_fd_sc_mcu7t5v0__clkbuf_8)
    12    0.18    0.26    0.37    7.16 ^ chip_core/mprj/j1a/clkbuf_7_5_0_boardClk/Z (gf180mcu_fd_sc_mcu7t5v0__clkbuf_8)
                                         chip_core/mprj/j1a/clknet_7_5_0_boardClk (net)
                  0.26    0.00    7.16 ^ chip_core/mprj/j1a/clkbuf_leaf_32_boardClk/I (gf180mcu_fd_sc_mcu7t5v0__clkbuf_16)
     5    0.03    0.07    0.20    7.36 ^ chip_core/mprj/j1a/clkbuf_leaf_32_boardClk/Z (gf180mcu_fd_sc_mcu7t5v0__clkbuf_16)
                                         chip_core/mprj/j1a/clknet_leaf_32_boardClk (net)
                  0.07    0.00    7.36 ^ chip_core/mprj/j1a/_51724_/CLK (gf180mcu_fd_sc_mcu7t5v0__dffsnq_1)
                          0.10    7.46   clock uncertainty
                         -0.04    7.42   clock reconvergence pessimism
                          0.14    7.56   library removal time
                                  7.56   data required time
-----------------------------------------------------------------------------
                                  7.56   data required time
                                -23.25   data arrival time
-----------------------------------------------------------------------------
                                 15.69   slack (MET)


Startpoint: chip_core/_37874_ (falling edge-triggered flip-flop clocked by clk)
Endpoint: chip_core/mprj/j1a/_51843_ (removal check against rising-edge clock clk)
Path Group: asynchronous
Path Type: min

Fanout     Cap    Slew   Delay    Time   Description
-----------------------------------------------------------------------------
                         15.00   15.00   clock clk (fall edge)
                          0.00   15.00   clock source latency
     1    2.87    2.00    0.00   15.00 v clock (in)
                                         clock (net)
                  2.00    0.00   15.00 v padframe/mgmt_clock_input_pad/PAD (gf180mcu_fd_io__in_c)
     1    0.05    0.10    1.26   16.26 v padframe/mgmt_clock_input_pad/Y (gf180mcu_fd_io__in_c)
                                         clock_core (net)
                  0.10    0.00   16.26 v chip_core/input1/I (gf180mcu_fd_sc_mcu7t5v0__buf_20)
     1    0.07    0.06    0.13   16.39 v chip_core/input1/Z (gf180mcu_fd_sc_mcu7t5v0__buf_20)
                                         chip_core/net1 (net)
                  0.06    0.01   16.40 v chip_core/wire2130/I (gf180mcu_fd_sc_mcu7t5v0__buf_20)
     1    0.13    0.07    0.12   16.52 v chip_core/wire2130/Z (gf180mcu_fd_sc_mcu7t5v0__buf_20)
                                         chip_core/net2130 (net)
                  0.10    0.03   16.55 v chip_core/wire2129/I (gf180mcu_fd_sc_mcu7t5v0__buf_20)
     3    0.12    0.07    0.14   16.68 v chip_core/wire2129/Z (gf180mcu_fd_sc_mcu7t5v0__buf_20)
                                         chip_core/net2129 (net)
                  0.09    0.02   16.70 v chip_core/_21442_/A1 (gf180mcu_fd_sc_mcu7t5v0__oai211_4)
     2    0.03    0.27    0.17   16.88 ^ chip_core/_21442_/ZN (gf180mcu_fd_sc_mcu7t5v0__oai211_4)
                                         chip_core/_09463_ (net)
                  0.27    0.00   16.88 ^ chip_core/_21454_/A1 (gf180mcu_fd_sc_mcu7t5v0__nand2_2)
     1    0.29    1.34    0.79   17.67 v chip_core/_21454_/ZN (gf180mcu_fd_sc_mcu7t5v0__nand2_2)
                                         chip_core/clock_ctrl.core_clk (net)
                  1.36    0.09   17.75 v chip_core/clkbuf_0_clock_ctrl.core_clk/I (gf180mcu_fd_sc_mcu7t5v0__clkbuf_20)
     2    0.04    0.10    0.37   18.12 v chip_core/clkbuf_0_clock_ctrl.core_clk/Z (gf180mcu_fd_sc_mcu7t5v0__clkbuf_20)
                                         chip_core/clknet_0_clock_ctrl.core_clk (net)
                  0.10    0.00   18.12 v chip_core/clkbuf_1_1_0_clock_ctrl.core_clk/I (gf180mcu_fd_sc_mcu7t5v0__clkbuf_8)
     1    0.04    0.09    0.18   18.30 v chip_core/clkbuf_1_1_0_clock_ctrl.core_clk/Z (gf180mcu_fd_sc_mcu7t5v0__clkbuf_8)
                                         chip_core/clknet_1_1_0_clock_ctrl.core_clk (net)
                  0.09    0.00   18.30 v chip_core/clkbuf_1_1_1_clock_ctrl.core_clk/I (gf180mcu_fd_sc_mcu7t5v0__clkbuf_8)
     1    0.04    0.09    0.17   18.47 v chip_core/clkbuf_1_1_1_clock_ctrl.core_clk/Z (gf180mcu_fd_sc_mcu7t5v0__clkbuf_8)
                                         chip_core/clknet_1_1_1_clock_ctrl.core_clk (net)
                  0.09    0.00   18.47 v chip_core/clkbuf_1_1_2_clock_ctrl.core_clk/I (gf180mcu_fd_sc_mcu7t5v0__clkbuf_8)
     1    0.04    0.10    0.18   18.65 v chip_core/clkbuf_1_1_2_clock_ctrl.core_clk/Z (gf180mcu_fd_sc_mcu7t5v0__clkbuf_8)
                                         chip_core/clknet_1_1_2_clock_ctrl.core_clk (net)
                  0.10    0.00   18.65 v chip_core/clkbuf_1_1_3_clock_ctrl.core_clk/I (gf180mcu_fd_sc_mcu7t5v0__clkbuf_8)
     1    0.02    0.07    0.16   18.81 v chip_core/clkbuf_1_1_3_clock_ctrl.core_clk/Z (gf180mcu_fd_sc_mcu7t5v0__clkbuf_8)
                                         chip_core/clknet_1_1_3_clock_ctrl.core_clk (net)
                  0.07    0.00   18.81 v chip_core/clkbuf_1_1_4_clock_ctrl.core_clk/I (gf180mcu_fd_sc_mcu7t5v0__clkbuf_8)
     2    0.08    0.14    0.20   19.01 v chip_core/clkbuf_1_1_4_clock_ctrl.core_clk/Z (gf180mcu_fd_sc_mcu7t5v0__clkbuf_8)
                                         chip_core/clknet_1_1_4_clock_ctrl.core_clk (net)
                  0.14    0.00   19.01 v chip_core/clkbuf_2_2_0_clock_ctrl.core_clk/I (gf180mcu_fd_sc_mcu7t5v0__clkbuf_8)
     1    0.04    0.09    0.18   19.19 v chip_core/clkbuf_2_2_0_clock_ctrl.core_clk/Z (gf180mcu_fd_sc_mcu7t5v0__clkbuf_8)
                                         chip_core/clknet_2_2_0_clock_ctrl.core_clk (net)
                  0.09    0.00   19.20 v chip_core/clkbuf_2_2_1_clock_ctrl.core_clk/I (gf180mcu_fd_sc_mcu7t5v0__clkbuf_8)
     2    0.06    0.12    0.19   19.39 v chip_core/clkbuf_2_2_1_clock_ctrl.core_clk/Z (gf180mcu_fd_sc_mcu7t5v0__clkbuf_8)
                                         chip_core/clknet_2_2_1_clock_ctrl.core_clk (net)
                  0.12    0.00   19.39 v chip_core/clkbuf_3_5_0_clock_ctrl.core_clk/I (gf180mcu_fd_sc_mcu7t5v0__clkbuf_8)
     1    0.03    0.08    0.17   19.56 v chip_core/clkbuf_3_5_0_clock_ctrl.core_clk/Z (gf180mcu_fd_sc_mcu7t5v0__clkbuf_8)
                                         chip_core/clknet_3_5_0_clock_ctrl.core_clk (net)
                  0.08    0.00   19.56 v chip_core/clkbuf_3_5_1_clock_ctrl.core_clk/I (gf180mcu_fd_sc_mcu7t5v0__clkbuf_8)
     1    0.02    0.07    0.15   19.71 v chip_core/clkbuf_3_5_1_clock_ctrl.core_clk/Z (gf180mcu_fd_sc_mcu7t5v0__clkbuf_8)
                                         chip_core/clknet_3_5_1_clock_ctrl.core_clk (net)
                  0.07    0.00   19.71 v chip_core/clkbuf_3_5_2_clock_ctrl.core_clk/I (gf180mcu_fd_sc_mcu7t5v0__clkbuf_8)
     2    0.06    0.12    0.19   19.90 v chip_core/clkbuf_3_5_2_clock_ctrl.core_clk/Z (gf180mcu_fd_sc_mcu7t5v0__clkbuf_8)
                                         chip_core/clknet_3_5_2_clock_ctrl.core_clk (net)
                  0.12    0.00   19.90 v chip_core/clkbuf_4_10_0_clock_ctrl.core_clk/I (gf180mcu_fd_sc_mcu7t5v0__clkbuf_8)
     2    0.07    0.13    0.21   20.11 v chip_core/clkbuf_4_10_0_clock_ctrl.core_clk/Z (gf180mcu_fd_sc_mcu7t5v0__clkbuf_8)
                                         chip_core/clknet_4_10_0_clock_ctrl.core_clk (net)
                  0.13    0.00   20.11 v chip_core/clkbuf_5_21_0_clock_ctrl.core_clk/I (gf180mcu_fd_sc_mcu7t5v0__clkbuf_8)
     2    0.05    0.10    0.19   20.30 v chip_core/clkbuf_5_21_0_clock_ctrl.core_clk/Z (gf180mcu_fd_sc_mcu7t5v0__clkbuf_8)
                                         chip_core/clknet_5_21_0_clock_ctrl.core_clk (net)
                  0.10    0.00   20.30 v chip_core/clkbuf_6_43_0_clock_ctrl.core_clk/I (gf180mcu_fd_sc_mcu7t5v0__clkbuf_8)
     2    0.05    0.10    0.18   20.48 v chip_core/clkbuf_6_43_0_clock_ctrl.core_clk/Z (gf180mcu_fd_sc_mcu7t5v0__clkbuf_8)
                                         chip_core/clknet_6_43_0_clock_ctrl.core_clk (net)
                  0.10    0.00   20.48 v chip_core/clkbuf_7_87_0_clock_ctrl.core_clk/I (gf180mcu_fd_sc_mcu7t5v0__clkbuf_8)
    13    0.36    0.52    0.44   20.92 v chip_core/clkbuf_7_87_0_clock_ctrl.core_clk/Z (gf180mcu_fd_sc_mcu7t5v0__clkbuf_8)
                                         chip_core/clknet_7_87_0_clock_ctrl.core_clk (net)
                  0.52    0.01   20.93 v chip_core/clkbuf_leaf_1161_clock_ctrl.core_clk/I (gf180mcu_fd_sc_mcu7t5v0__clkbuf_20)
     3    0.02    0.07    0.24   21.17 v chip_core/clkbuf_leaf_1161_clock_ctrl.core_clk/Z (gf180mcu_fd_sc_mcu7t5v0__clkbuf_20)
                                         chip_core/clknet_leaf_1161_clock_ctrl.core_clk (net)
                  0.07    0.00   21.17 v chip_core/_37874_/CLKN (gf180mcu_fd_sc_mcu7t5v0__dffnsnq_4)
     3    0.08    0.22    0.62   21.79 v chip_core/_37874_/Q (gf180mcu_fd_sc_mcu7t5v0__dffnsnq_4)
                                         chip_core/clock_ctrl.reset_delay[0] (net)
                  0.22    0.00   21.79 v chip_core/max_length1744/I (gf180mcu_fd_sc_mcu7t5v0__buf_4)
     1    0.10    0.17    0.25   22.04 v chip_core/max_length1744/Z (gf180mcu_fd_sc_mcu7t5v0__buf_4)
                                         chip_core/net1744 (net)
                  0.17    0.01   22.05 v chip_core/wire1743/I (gf180mcu_fd_sc_mcu7t5v0__buf_8)
     6    0.05    0.07    0.16   22.21 v chip_core/wire1743/Z (gf180mcu_fd_sc_mcu7t5v0__buf_8)
                                         chip_core/net1743 (net)
                  0.07    0.00   22.21 v chip_core/wire1742/I (gf180mcu_fd_sc_mcu7t5v0__clkbuf_8)
     3    0.04    0.09    0.17   22.38 v chip_core/wire1742/Z (gf180mcu_fd_sc_mcu7t5v0__clkbuf_8)
                                         chip_core/net1742 (net)
                  0.09    0.00   22.38 v chip_core/wire1741/I (gf180mcu_fd_sc_mcu7t5v0__clkbuf_4)
     2    0.01    0.06    0.15   22.52 v chip_core/wire1741/Z (gf180mcu_fd_sc_mcu7t5v0__clkbuf_4)
                                         chip_core/net1741 (net)
                  0.06    0.00   22.52 v chip_core/mprj/j1a/input11/I (gf180mcu_fd_sc_mcu7t5v0__clkbuf_3)
     8    0.09    0.25    0.27   22.79 v chip_core/mprj/j1a/input11/Z (gf180mcu_fd_sc_mcu7t5v0__clkbuf_3)
                                         chip_core/mprj/j1a/net11 (net)
                  0.25    0.01   22.80 v chip_core/mprj/j1a/_38974_/I (gf180mcu_fd_sc_mcu7t5v0__buf_1)
     4    0.03    0.24    0.32   23.13 v chip_core/mprj/j1a/_38974_/Z (gf180mcu_fd_sc_mcu7t5v0__buf_1)
                                         chip_core/mprj/j1a/_17776_ (net)
                  0.24    0.00   23.13 v chip_core/mprj/j1a/_40604_/I (gf180mcu_fd_sc_mcu7t5v0__clkinv_1)
     1    0.01    0.15    0.13   23.26 ^ chip_core/mprj/j1a/_40604_/ZN (gf180mcu_fd_sc_mcu7t5v0__clkinv_1)
                                         chip_core/mprj/j1a/_00060_ (net)
                  0.15    0.00   23.26 ^ chip_core/mprj/j1a/_51843_/SETN (gf180mcu_fd_sc_mcu7t5v0__dffsnq_1)
                                 23.26   data arrival time

                          0.00    0.00   clock clk (rise edge)
                          0.00    0.00   clock source latency
     1    2.86    3.50    0.00    0.00 ^ clock (in)
                                         clock (net)
                  3.50    0.00    0.00 ^ padframe/mgmt_clock_input_pad/PAD (gf180mcu_fd_io__in_c)
     1    0.05    0.15    0.43    0.43 ^ padframe/mgmt_clock_input_pad/Y (gf180mcu_fd_io__in_c)
                                         clock_core (net)
                  0.15    0.00    0.43 ^ chip_core/input1/I (gf180mcu_fd_sc_mcu7t5v0__buf_20)
     1    0.07    0.07    0.13    0.56 ^ chip_core/input1/Z (gf180mcu_fd_sc_mcu7t5v0__buf_20)
                                         chip_core/net1 (net)
                  0.07    0.01    0.57 ^ chip_core/wire2130/I (gf180mcu_fd_sc_mcu7t5v0__buf_20)
     1    0.13    0.09    0.12    0.69 ^ chip_core/wire2130/Z (gf180mcu_fd_sc_mcu7t5v0__buf_20)
                                         chip_core/net2130 (net)
                  0.11    0.03    0.72 ^ chip_core/wire2129/I (gf180mcu_fd_sc_mcu7t5v0__buf_20)
     3    0.12    0.09    0.13    0.85 ^ chip_core/wire2129/Z (gf180mcu_fd_sc_mcu7t5v0__buf_20)
                                         chip_core/net2129 (net)
                  0.10    0.02    0.88 ^ chip_core/_21442_/A1 (gf180mcu_fd_sc_mcu7t5v0__oai211_4)
     2    0.03    0.16    0.12    1.00 v chip_core/_21442_/ZN (gf180mcu_fd_sc_mcu7t5v0__oai211_4)
                                         chip_core/_09463_ (net)
                  0.16    0.00    1.00 v chip_core/_21454_/A1 (gf180mcu_fd_sc_mcu7t5v0__nand2_2)
     1    0.29    1.66    1.03    2.03 ^ chip_core/_21454_/ZN (gf180mcu_fd_sc_mcu7t5v0__nand2_2)
                                         chip_core/clock_ctrl.core_clk (net)
                  1.67    0.09    2.12 ^ chip_core/clkbuf_0_clock_ctrl.core_clk/I (gf180mcu_fd_sc_mcu7t5v0__clkbuf_20)
     2    0.04    0.11    0.32    2.45 ^ chip_core/clkbuf_0_clock_ctrl.core_clk/Z (gf180mcu_fd_sc_mcu7t5v0__clkbuf_20)
                                         chip_core/clknet_0_clock_ctrl.core_clk (net)
                  0.11    0.00    2.45 ^ chip_core/clkbuf_1_0_0_clock_ctrl.core_clk/I (gf180mcu_fd_sc_mcu7t5v0__clkbuf_8)
     1    0.04    0.09    0.18    2.63 ^ chip_core/clkbuf_1_0_0_clock_ctrl.core_clk/Z (gf180mcu_fd_sc_mcu7t5v0__clkbuf_8)
                                         chip_core/clknet_1_0_0_clock_ctrl.core_clk (net)
                  0.09    0.00    2.63 ^ chip_core/clkbuf_1_0_1_clock_ctrl.core_clk/I (gf180mcu_fd_sc_mcu7t5v0__clkbuf_8)
     1    0.03    0.08    0.17    2.80 ^ chip_core/clkbuf_1_0_1_clock_ctrl.core_clk/Z (gf180mcu_fd_sc_mcu7t5v0__clkbuf_8)
                                         chip_core/clknet_1_0_1_clock_ctrl.core_clk (net)
                  0.08    0.00    2.81 ^ chip_core/clkbuf_1_0_2_clock_ctrl.core_clk/I (gf180mcu_fd_sc_mcu7t5v0__clkbuf_8)
     1    0.05    0.10    0.18    2.99 ^ chip_core/clkbuf_1_0_2_clock_ctrl.core_clk/Z (gf180mcu_fd_sc_mcu7t5v0__clkbuf_8)
                                         chip_core/clknet_1_0_2_clock_ctrl.core_clk (net)
                  0.10    0.00    2.99 ^ chip_core/clkbuf_1_0_3_clock_ctrl.core_clk/I (gf180mcu_fd_sc_mcu7t5v0__clkbuf_8)
     1    0.02    0.07    0.16    3.15 ^ chip_core/clkbuf_1_0_3_clock_ctrl.core_clk/Z (gf180mcu_fd_sc_mcu7t5v0__clkbuf_8)
                                         chip_core/clknet_1_0_3_clock_ctrl.core_clk (net)
                  0.07    0.00    3.15 ^ chip_core/clkbuf_1_0_4_clock_ctrl.core_clk/I (gf180mcu_fd_sc_mcu7t5v0__clkbuf_8)
     2    0.08    0.14    0.21    3.36 ^ chip_core/clkbuf_1_0_4_clock_ctrl.core_clk/Z (gf180mcu_fd_sc_mcu7t5v0__clkbuf_8)
                                         chip_core/clknet_1_0_4_clock_ctrl.core_clk (net)
                  0.14    0.01    3.36 ^ chip_core/clkbuf_2_1_0_clock_ctrl.core_clk/I (gf180mcu_fd_sc_mcu7t5v0__clkbuf_8)
     1    0.04    0.09    0.18    3.55 ^ chip_core/clkbuf_2_1_0_clock_ctrl.core_clk/Z (gf180mcu_fd_sc_mcu7t5v0__clkbuf_8)
                                         chip_core/clknet_2_1_0_clock_ctrl.core_clk (net)
                  0.09    0.00    3.55 ^ chip_core/clkbuf_2_1_1_clock_ctrl.core_clk/I (gf180mcu_fd_sc_mcu7t5v0__clkbuf_8)
     2    0.08    0.14    0.21    3.76 ^ chip_core/clkbuf_2_1_1_clock_ctrl.core_clk/Z (gf180mcu_fd_sc_mcu7t5v0__clkbuf_8)
                                         chip_core/clknet_2_1_1_clock_ctrl.core_clk (net)
                  0.14    0.00    3.76 ^ chip_core/clkbuf_3_2_0_clock_ctrl.core_clk/I (gf180mcu_fd_sc_mcu7t5v0__clkbuf_8)
     1    0.04    0.09    0.19    3.95 ^ chip_core/clkbuf_3_2_0_clock_ctrl.core_clk/Z (gf180mcu_fd_sc_mcu7t5v0__clkbuf_8)
                                         chip_core/clknet_3_2_0_clock_ctrl.core_clk (net)
                  0.09    0.00    3.95 ^ chip_core/clkbuf_3_2_1_clock_ctrl.core_clk/I (gf180mcu_fd_sc_mcu7t5v0__clkbuf_8)
     1    0.02    0.07    0.16    4.11 ^ chip_core/clkbuf_3_2_1_clock_ctrl.core_clk/Z (gf180mcu_fd_sc_mcu7t5v0__clkbuf_8)
                                         chip_core/clknet_3_2_1_clock_ctrl.core_clk (net)
                  0.07    0.00    4.12 ^ chip_core/clkbuf_3_2_2_clock_ctrl.core_clk/I (gf180mcu_fd_sc_mcu7t5v0__clkbuf_8)
     2    0.07    0.13    0.20    4.32 ^ chip_core/clkbuf_3_2_2_clock_ctrl.core_clk/Z (gf180mcu_fd_sc_mcu7t5v0__clkbuf_8)
                                         chip_core/clknet_3_2_2_clock_ctrl.core_clk (net)
                  0.13    0.00    4.32 ^ chip_core/clkbuf_4_5_0_clock_ctrl.core_clk/I (gf180mcu_fd_sc_mcu7t5v0__clkbuf_8)
     2    0.08    0.13    0.22    4.54 ^ chip_core/clkbuf_4_5_0_clock_ctrl.core_clk/Z (gf180mcu_fd_sc_mcu7t5v0__clkbuf_8)
                                         chip_core/clknet_4_5_0_clock_ctrl.core_clk (net)
                  0.13    0.00    4.54 ^ chip_core/clkbuf_5_10_0_clock_ctrl.core_clk/I (gf180mcu_fd_sc_mcu7t5v0__clkbuf_8)
     2    0.05    0.10    0.19    4.73 ^ chip_core/clkbuf_5_10_0_clock_ctrl.core_clk/Z (gf180mcu_fd_sc_mcu7t5v0__clkbuf_8)
                                         chip_core/clknet_5_10_0_clock_ctrl.core_clk (net)
                  0.10    0.00    4.73 ^ chip_core/clkbuf_6_21_0_clock_ctrl.core_clk/I (gf180mcu_fd_sc_mcu7t5v0__clkbuf_8)
     2    0.05    0.10    0.18    4.92 ^ chip_core/clkbuf_6_21_0_clock_ctrl.core_clk/Z (gf180mcu_fd_sc_mcu7t5v0__clkbuf_8)
                                         chip_core/clknet_6_21_0_clock_ctrl.core_clk (net)
                  0.10    0.00    4.92 ^ chip_core/clkbuf_7_42_0_clock_ctrl.core_clk/I (gf180mcu_fd_sc_mcu7t5v0__clkbuf_8)
     7    0.24    0.34    0.34    5.26 ^ chip_core/clkbuf_7_42_0_clock_ctrl.core_clk/Z (gf180mcu_fd_sc_mcu7t5v0__clkbuf_8)
                                         chip_core/clknet_7_42_0_clock_ctrl.core_clk (net)
                  0.34    0.00    5.26 ^ chip_core/clkbuf_opt_2_0_clock_ctrl.core_clk/I (gf180mcu_fd_sc_mcu7t5v0__clkbuf_20)
     1    0.04    0.07    0.21    5.47 ^ chip_core/clkbuf_opt_2_0_clock_ctrl.core_clk/Z (gf180mcu_fd_sc_mcu7t5v0__clkbuf_20)
                                         chip_core/clknet_opt_2_0_clock_ctrl.core_clk (net)
                  0.07    0.00    5.47 ^ chip_core/clkbuf_opt_2_1_clock_ctrl.core_clk/I (gf180mcu_fd_sc_mcu7t5v0__clkbuf_20)
     2    0.02    0.06    0.15    5.62 ^ chip_core/clkbuf_opt_2_1_clock_ctrl.core_clk/Z (gf180mcu_fd_sc_mcu7t5v0__clkbuf_20)
                                         chip_core/clknet_opt_2_1_clock_ctrl.core_clk (net)
                  0.06    0.00    5.62 ^ chip_core/mprj/j1a/clkbuf_0_boardClk/I (gf180mcu_fd_sc_mcu7t5v0__clkbuf_16)
     4    0.24    0.18    0.23    5.85 ^ chip_core/mprj/j1a/clkbuf_0_boardClk/Z (gf180mcu_fd_sc_mcu7t5v0__clkbuf_16)
                                         chip_core/mprj/j1a/clknet_0_boardClk (net)
                  0.19    0.02    5.87 ^ chip_core/mprj/j1a/clkbuf_1_0_0_boardClk/I (gf180mcu_fd_sc_mcu7t5v0__clkbuf_8)
     8    0.27    0.38    0.38    6.25 ^ chip_core/mprj/j1a/clkbuf_1_0_0_boardClk/Z (gf180mcu_fd_sc_mcu7t5v0__clkbuf_8)
                                         chip_core/mprj/j1a/clknet_1_0_0_boardClk (net)
                  0.38    0.01    6.26 ^ chip_core/mprj/j1a/clkbuf_3_0_0_boardClk/I (gf180mcu_fd_sc_mcu7t5v0__clkbuf_8)
    32    0.42    0.57    0.52    6.78 ^ chip_core/mprj/j1a/clkbuf_3_0_0_boardClk/Z (gf180mcu_fd_sc_mcu7t5v0__clkbuf_8)
                                         chip_core/mprj/j1a/clknet_3_0_0_boardClk (net)
                  0.57    0.01    6.79 ^ chip_core/mprj/j1a/clkbuf_7_5_0_boardClk/I (gf180mcu_fd_sc_mcu7t5v0__clkbuf_8)
    12    0.18    0.26    0.37    7.16 ^ chip_core/mprj/j1a/clkbuf_7_5_0_boardClk/Z (gf180mcu_fd_sc_mcu7t5v0__clkbuf_8)
                                         chip_core/mprj/j1a/clknet_7_5_0_boardClk (net)
                  0.26    0.00    7.16 ^ chip_core/mprj/j1a/clkbuf_leaf_32_boardClk/I (gf180mcu_fd_sc_mcu7t5v0__clkbuf_16)
     5    0.03    0.07    0.20    7.36 ^ chip_core/mprj/j1a/clkbuf_leaf_32_boardClk/Z (gf180mcu_fd_sc_mcu7t5v0__clkbuf_16)
                                         chip_core/mprj/j1a/clknet_leaf_32_boardClk (net)
                  0.07    0.00    7.36 ^ chip_core/mprj/j1a/_51843_/CLK (gf180mcu_fd_sc_mcu7t5v0__dffsnq_1)
                          0.10    7.46   clock uncertainty
                         -0.04    7.42   clock reconvergence pessimism
                          0.14    7.56   library removal time
                                  7.56   data required time
-----------------------------------------------------------------------------
                                  7.56   data required time
                                -23.26   data arrival time
-----------------------------------------------------------------------------
                                 15.70   slack (MET)


min:
reg-reg: 0/2
reg-output: 0/0
input-reg: 0/0
input-output: 0/0
max:
reg-reg: 0/0
reg-output: 0/0
input-reg: 0/0
input-output: 0/0
